{"meta": {"format": 3, "version": "7.13.1", "timestamp": "2026-03-28T20:37:55.195207", "branch_coverage": false, "show_contexts": false}, "files": {"src\\spark\\__init__.py": {"executed_lines": [3, 4, 6, 7, 9], "summary": {"covered_lines": 5, "num_statements": 5, "percent_covered": 100.0, "percent_covered_display": "100", "missing_lines": 0, "excluded_lines": 0, "percent_statements_covered": 100.0, "percent_statements_covered_display": "100"}, "missing_lines": [], "excluded_lines": [], "functions": {"": {"executed_lines": [3, 4, 6, 7, 9], "summary": {"covered_lines": 5, "num_statements": 5, "percent_covered": 100.0, "percent_covered_display": "100", "missing_lines": 0, "excluded_lines": 0, "percent_statements_covered": 100.0, "percent_statements_covered_display": "100"}, "missing_lines": [], "excluded_lines": [], "start_line": 1}}, "classes": {"": {"executed_lines": [3, 4, 6, 7, 9], "summary": {"covered_lines": 5, "num_statements": 5, "percent_covered": 100.0, "percent_covered_display": "100", "missing_lines": 0, "excluded_lines": 0, "percent_statements_covered": 100.0, "percent_statements_covered_display": "100"}, "missing_lines": [], "excluded_lines": [], "start_line": 1}}}, "src\\spark\\cache.py": {"executed_lines": [3, 5, 6, 7, 8, 9, 10, 11, 12, 14, 17, 20, 21, 22, 24, 25, 27, 28, 29, 31, 32, 37, 39, 40, 42, 43, 45, 46, 47, 57, 58, 59, 62, 65, 66, 67, 68, 69, 71, 73, 74, 75, 76, 77, 78, 79, 84, 86, 87, 88, 89, 90, 91, 95, 97, 98, 103, 105, 106, 107, 108, 109, 111, 115, 116, 117, 119, 121, 122, 124, 126, 127, 128, 129, 130, 132, 135, 140, 143, 150, 151, 152, 154, 155, 157, 158, 159, 161, 162, 163, 165, 166, 168, 170, 171, 172, 174, 176, 177, 178, 180, 182, 183, 185, 197, 199, 200, 202, 203, 204, 205, 206, 208, 210, 211, 213, 214, 215, 225, 226, 227, 228, 229, 241, 243, 255, 257, 258, 259, 260, 262, 264, 267, 272, 274, 275, 277, 288, 289, 290, 291, 293, 294, 295, 296, 299, 301, 304, 305, 313, 315, 317, 319, 321, 323, 324, 325, 327, 328, 329, 331, 332, 333, 334, 339, 340, 341, 342, 343, 344, 348, 350, 352, 355, 356, 357, 358, 359, 360, 362, 367, 368, 370, 399], "summary": {"covered_lines": 184, "num_statements": 294, "percent_covered": 62.585034013605444, "percent_covered_display": "63", "missing_lines": 110, "excluded_lines": 0, "percent_statements_covered": 62.585034013605444, "percent_statements_covered_display": "63"}, "missing_lines": [34, 36, 41, 48, 49, 51, 53, 54, 55, 56, 80, 82, 92, 93, 133, 136, 137, 216, 217, 218, 219, 220, 221, 222, 230, 231, 232, 233, 234, 235, 245, 246, 247, 248, 249, 250, 251, 252, 253, 269, 300, 307, 308, 309, 310, 311, 335, 337, 345, 346, 363, 364, 372, 373, 375, 376, 377, 379, 380, 381, 384, 385, 386, 387, 388, 390, 391, 393, 394, 395, 397, 401, 408, 409, 411, 412, 413, 415, 416, 417, 419, 420, 421, 423, 424, 425, 426, 427, 428, 430, 431, 433, 434, 435, 436, 437, 439, 440, 441, 442, 443, 444, 446, 447, 448, 449, 450, 451, 453, 455], "excluded_lines": [], "functions": {"_CacheFileLock.__init__": {"executed_lines": [21, 22], "summary": {"covered_lines": 2, "num_statements": 2, "percent_covered": 100.0, "percent_covered_display": "100", "missing_lines": 0, "excluded_lines": 0, "percent_statements_covered": 100.0, "percent_statements_covered_display": "100"}, "missing_lines": [], "excluded_lines": [], "start_line": 20}, "_CacheFileLock.__enter__": {"executed_lines": [25, 27, 28, 29, 31, 32, 37], "summary": {"covered_lines": 7, "num_statements": 9, "percent_covered": 77.77777777777777, "percent_covered_display": "78", "missing_lines": 2, "excluded_lines": 0, "percent_statements_covered": 77.77777777777777, "percent_statements_covered_display": "78"}, "missing_lines": [34, 36], "excluded_lines": [], "start_line": 24}, "_CacheFileLock.__exit__": {"executed_lines": [40, 42, 43, 45, 46, 47, 57, 58, 59], "summary": {"covered_lines": 9, "num_statements": 17, "percent_covered": 52.94117647058823, "percent_covered_display": "53", "missing_lines": 8, "excluded_lines": 0, "percent_statements_covered": 52.94117647058823, "percent_statements_covered_display": "53"}, "missing_lines": [41, 48, 49, 51, 53, 54, 55, 56], "excluded_lines": [], "start_line": 39}, "CacheManifest.__init__": {"executed_lines": [66, 67, 68, 69], "summary": {"covered_lines": 4, "num_statements": 4, "percent_covered": 100.0, "percent_covered_display": "100", "missing_lines": 0, "excluded_lines": 0, "percent_statements_covered": 100.0, "percent_statements_covered_display": "100"}, "missing_lines": [], "excluded_lines": [], "start_line": 65}, "CacheManifest.load": {"executed_lines": [73, 74, 75, 76, 77, 78, 79], "summary": {"covered_lines": 7, "num_statements": 9, "percent_covered": 77.77777777777777, "percent_covered_display": "78", "missing_lines": 2, "excluded_lines": 0, "percent_statements_covered": 77.77777777777777, "percent_statements_covered_display": "78"}, "missing_lines": [80, 82], "excluded_lines": [], "start_line": 71}, "CacheManifest.save": {"executed_lines": [86, 87, 88, 89, 90, 91], "summary": {"covered_lines": 6, "num_statements": 8, "percent_covered": 75.0, "percent_covered_display": "75", "missing_lines": 2, "excluded_lines": 0, "percent_statements_covered": 75.0, "percent_statements_covered_display": "75"}, "missing_lines": [92, 93], "excluded_lines": [], "start_line": 84}, "CacheManifest.update_entry": {"executed_lines": [97, 98, 103, 105, 106, 107, 108, 109, 111, 115, 116, 117, 119], "summary": {"covered_lines": 13, "num_statements": 13, "percent_covered": 100.0, "percent_covered_display": "100", "missing_lines": 0, "excluded_lines": 0, "percent_statements_covered": 100.0, "percent_statements_covered_display": "100"}, "missing_lines": [], "excluded_lines": [], "start_line": 95}, "CacheManifest.get_entry": {"executed_lines": [122], "summary": {"covered_lines": 1, "num_statements": 1, "percent_covered": 100.0, "percent_covered_display": "100", "missing_lines": 0, "excluded_lines": 0, "percent_statements_covered": 100.0, "percent_statements_covered_display": "100"}, "missing_lines": [], "excluded_lines": [], "start_line": 121}, "CacheManifest.remove_week": {"executed_lines": [126, 127, 128, 129, 130, 132, 135], "summary": {"covered_lines": 7, "num_statements": 10, "percent_covered": 70.0, "percent_covered_display": "70", "missing_lines": 3, "excluded_lines": 0, "percent_statements_covered": 70.0, "percent_statements_covered_display": "70"}, "missing_lines": [133, 136, 137], "excluded_lines": [], "start_line": 124}, "APICache.__init__": {"executed_lines": [150, 151, 152, 154, 155, 157, 158, 159, 161, 162, 163], "summary": {"covered_lines": 11, "num_statements": 11, "percent_covered": 100.0, "percent_covered_display": "100", "missing_lines": 0, "excluded_lines": 0, "percent_statements_covered": 100.0, "percent_statements_covered_display": "100"}, "missing_lines": [], "excluded_lines": [], "start_line": 143}, "APICache._acquire_lock": {"executed_lines": [166], "summary": {"covered_lines": 1, "num_statements": 1, "percent_covered": 100.0, "percent_covered_display": "100", "missing_lines": 0, "excluded_lines": 0, "percent_statements_covered": 100.0, "percent_statements_covered_display": "100"}, "missing_lines": [], "excluded_lines": [], "start_line": 165}, "APICache._get_key_path": {"executed_lines": [170, 171, 172], "summary": {"covered_lines": 3, "num_statements": 3, "percent_covered": 100.0, "percent_covered_display": "100", "missing_lines": 0, "excluded_lines": 0, "percent_statements_covered": 100.0, "percent_statements_covered_display": "100"}, "missing_lines": [], "excluded_lines": [], "start_line": 168}, "APICache._get_fs_path": {"executed_lines": [176, 177, 178], "summary": {"covered_lines": 3, "num_statements": 3, "percent_covered": 100.0, "percent_covered_display": "100", "missing_lines": 0, "excluded_lines": 0, "percent_statements_covered": 100.0, "percent_statements_covered_display": "100"}, "missing_lines": [], "excluded_lines": [], "start_line": 174}, "APICache._calculate_hash": {"executed_lines": [182, 183], "summary": {"covered_lines": 2, "num_statements": 2, "percent_covered": 100.0, "percent_covered_display": "100", "missing_lines": 0, "excluded_lines": 0, "percent_statements_covered": 100.0, "percent_statements_covered_display": "100"}, "missing_lines": [], "excluded_lines": [], "start_line": 180}, "APICache.get": {"executed_lines": [197, 199, 200, 202, 203, 204, 205, 206, 208, 210, 211, 213, 214, 215, 225, 226, 227, 228, 229, 241], "summary": {"covered_lines": 20, "num_statements": 33, "percent_covered": 60.60606060606061, "percent_covered_display": "61", "missing_lines": 13, "excluded_lines": 0, "percent_statements_covered": 60.60606060606061, "percent_statements_covered_display": "61"}, "missing_lines": [216, 217, 218, 219, 220, 221, 222, 230, 231, 232, 233, 234, 235], "excluded_lines": [], "start_line": 185}, "APICache.has_entry": {"executed_lines": [], "summary": {"covered_lines": 0, "num_statements": 9, "percent_covered": 0.0, "percent_covered_display": "0", "missing_lines": 9, "excluded_lines": 0, "percent_statements_covered": 0.0, "percent_statements_covered_display": "0"}, "missing_lines": [245, 246, 247, 248, 249, 250, 251, 252, 253], "excluded_lines": [], "start_line": 243}, "APICache.get_entry_info": {"executed_lines": [257, 258, 259, 260], "summary": {"covered_lines": 4, "num_statements": 4, "percent_covered": 100.0, "percent_covered_display": "100", "missing_lines": 0, "excluded_lines": 0, "percent_statements_covered": 100.0, "percent_statements_covered_display": "100"}, "missing_lines": [], "excluded_lines": [], "start_line": 255}, "APICache.set": {"executed_lines": [264, 267, 272, 274, 275, 277, 288, 289, 290, 291, 293, 294, 295, 296, 299, 301, 304, 305], "summary": {"covered_lines": 18, "num_statements": 25, "percent_covered": 72.0, "percent_covered_display": "72", "missing_lines": 7, "excluded_lines": 0, "percent_statements_covered": 72.0, "percent_statements_covered_display": "72"}, "missing_lines": [269, 300, 307, 308, 309, 310, 311], "excluded_lines": [], "start_line": 262}, "APICache.prune": {"executed_lines": [315, 317, 319, 321, 323, 324, 325, 327, 328, 329, 331, 332, 333, 334, 339, 340, 341, 342, 343, 344, 348], "summary": {"covered_lines": 21, "num_statements": 25, "percent_covered": 84.0, "percent_covered_display": "84", "missing_lines": 4, "excluded_lines": 0, "percent_statements_covered": 84.0, "percent_statements_covered_display": "84"}, "missing_lines": [335, 337, 345, 346], "excluded_lines": [], "start_line": 313}, "APICache.clear": {"executed_lines": [352, 355, 356, 357, 358, 359, 360, 362, 367, 368], "summary": {"covered_lines": 10, "num_statements": 12, "percent_covered": 83.33333333333333, "percent_covered_display": "83", "missing_lines": 2, "excluded_lines": 0, "percent_statements_covered": 83.33333333333333, "percent_statements_covered_display": "83"}, "missing_lines": [363, 364], "excluded_lines": [], "start_line": 350}, "APICache.clear_repository_cache": {"executed_lines": [], "summary": {"covered_lines": 0, "num_statements": 19, "percent_covered": 0.0, "percent_covered_display": "0", "missing_lines": 19, "excluded_lines": 0, "percent_statements_covered": 0.0, "percent_statements_covered_display": "0"}, "missing_lines": [372, 373, 375, 376, 377, 379, 380, 381, 384, 385, 386, 387, 388, 390, 391, 393, 394, 395, 397], "excluded_lines": [], "start_line": 370}, "APICache.migrate_ai_summary_cache_keys": {"executed_lines": [], "summary": {"covered_lines": 0, "num_statements": 39, "percent_covered": 0.0, "percent_covered_display": "0", "missing_lines": 39, "excluded_lines": 0, "percent_statements_covered": 0.0, "percent_statements_covered_display": "0"}, "missing_lines": [401, 408, 409, 411, 412, 413, 415, 416, 417, 419, 420, 421, 423, 424, 425, 426, 427, 428, 430, 431, 433, 434, 435, 436, 437, 439, 440, 441, 442, 443, 444, 446, 447, 448, 449, 450, 451, 453, 455], "excluded_lines": [], "start_line": 399}, "": {"executed_lines": [3, 5, 6, 7, 8, 9, 10, 11, 12, 14, 17, 20, 24, 39, 62, 65, 71, 84, 95, 121, 124, 140, 143, 165, 168, 174, 180, 185, 243, 255, 262, 313, 350, 370, 399], "summary": {"covered_lines": 35, "num_statements": 35, "percent_covered": 100.0, "percent_covered_display": "100", "missing_lines": 0, "excluded_lines": 0, "percent_statements_covered": 100.0, "percent_statements_covered_display": "100"}, "missing_lines": [], "excluded_lines": [], "start_line": 1}}, "classes": {"_CacheFileLock": {"executed_lines": [21, 22, 25, 27, 28, 29, 31, 32, 37, 40, 42, 43, 45, 46, 47, 57, 58, 59], "summary": {"covered_lines": 18, "num_statements": 28, "percent_covered": 64.28571428571429, "percent_covered_display": "64", "missing_lines": 10, "excluded_lines": 0, "percent_statements_covered": 64.28571428571429, "percent_statements_covered_display": "64"}, "missing_lines": [34, 36, 41, 48, 49, 51, 53, 54, 55, 56], "excluded_lines": [], "start_line": 17}, "CacheManifest": {"executed_lines": [66, 67, 68, 69, 73, 74, 75, 76, 77, 78, 79, 86, 87, 88, 89, 90, 91, 97, 98, 103, 105, 106, 107, 108, 109, 111, 115, 116, 117, 119, 122, 126, 127, 128, 129, 130, 132, 135], "summary": {"covered_lines": 38, "num_statements": 45, "percent_covered": 84.44444444444444, "percent_covered_display": "84", "missing_lines": 7, "excluded_lines": 0, "percent_statements_covered": 84.44444444444444, "percent_statements_covered_display": "84"}, "missing_lines": [80, 82, 92, 93, 133, 136, 137], "excluded_lines": [], "start_line": 62}, "APICache": {"executed_lines": [150, 151, 152, 154, 155, 157, 158, 159, 161, 162, 163, 166, 170, 171, 172, 176, 177, 178, 182, 183, 197, 199, 200, 202, 203, 204, 205, 206, 208, 210, 211, 213, 214, 215, 225, 226, 227, 228, 229, 241, 257, 258, 259, 260, 264, 267, 272, 274, 275, 277, 288, 289, 290, 291, 293, 294, 295, 296, 299, 301, 304, 305, 315, 317, 319, 321, 323, 324, 325, 327, 328, 329, 331, 332, 333, 334, 339, 340, 341, 342, 343, 344, 348, 352, 355, 356, 357, 358, 359, 360, 362, 367, 368], "summary": {"covered_lines": 93, "num_statements": 186, "percent_covered": 50.0, "percent_covered_display": "50", "missing_lines": 93, "excluded_lines": 0, "percent_statements_covered": 50.0, "percent_statements_covered_display": "50"}, "missing_lines": [216, 217, 218, 219, 220, 221, 222, 230, 231, 232, 233, 234, 235, 245, 246, 247, 248, 249, 250, 251, 252, 253, 269, 300, 307, 308, 309, 310, 311, 335, 337, 345, 346, 363, 364, 372, 373, 375, 376, 377, 379, 380, 381, 384, 385, 386, 387, 388, 390, 391, 393, 394, 395, 397, 401, 408, 409, 411, 412, 413, 415, 416, 417, 419, 420, 421, 423, 424, 425, 426, 427, 428, 430, 431, 433, 434, 435, 436, 437, 439, 440, 441, 442, 443, 444, 446, 447, 448, 449, 450, 451, 453, 455], "excluded_lines": [], "start_line": 140}, "": {"executed_lines": [3, 5, 6, 7, 8, 9, 10, 11, 12, 14, 17, 20, 24, 39, 62, 65, 71, 84, 95, 121, 124, 140, 143, 165, 168, 174, 180, 185, 243, 255, 262, 313, 350, 370, 399], "summary": {"covered_lines": 35, "num_statements": 35, "percent_covered": 100.0, "percent_covered_display": "100", "missing_lines": 0, "excluded_lines": 0, "percent_statements_covered": 100.0, "percent_statements_covered_display": "100"}, "missing_lines": [], "excluded_lines": [], "start_line": 1}}}, "src\\spark\\cache_manager.py": {"executed_lines": [11, 12, 14, 15, 16, 17, 18, 19, 20, 23, 25, 26, 27, 28, 29, 30, 31, 34, 37, 51, 52, 53, 54, 55, 57, 58, 59, 61, 62, 63, 65, 94, 102, 110, 118, 126, 134, 142, 150, 158, 166, 186, 189, 192, 194, 195, 197, 198, 200, 201, 203, 206, 209, 212, 215, 218, 221, 223, 242, 243, 244, 246, 247, 248, 249, 251, 252, 253, 255, 260, 261, 262, 269, 270, 277, 278, 279, 280, 283, 284, 291, 294, 297, 299, 300, 301, 302, 303, 305, 314, 315], "summary": {"covered_lines": 91, "num_statements": 121, "percent_covered": 75.20661157024793, "percent_covered_display": "75", "missing_lines": 30, "excluded_lines": 0, "percent_statements_covered": 75.20661157024793, "percent_statements_covered_display": "75"}, "missing_lines": [83, 84, 87, 90, 92, 100, 108, 116, 124, 132, 140, 148, 156, 164, 187, 190, 204, 207, 210, 213, 216, 219, 256, 257, 263, 264, 265, 266, 295, 316], "excluded_lines": [], "functions": {"RefreshSummary.__init__": {"executed_lines": [26, 27, 28, 29, 30, 31], "summary": {"covered_lines": 6, "num_statements": 6, "percent_covered": 100.0, "percent_covered_display": "100", "missing_lines": 0, "excluded_lines": 0, "percent_statements_covered": 100.0, "percent_statements_covered_display": "100"}, "missing_lines": [], "excluded_lines": [], "start_line": 25}, "CacheManager.__init__": {"executed_lines": [51, 52, 53, 54, 55], "summary": {"covered_lines": 5, "num_statements": 5, "percent_covered": 100.0, "percent_covered_display": "100", "missing_lines": 0, "excluded_lines": 0, "percent_statements_covered": 100.0, "percent_statements_covered_display": "100"}, "missing_lines": [], "excluded_lines": [], "start_line": 37}, "CacheManager.api_calls": {"executed_lines": [63], "summary": {"covered_lines": 1, "num_statements": 1, "percent_covered": 100.0, "percent_covered_display": "100", "missing_lines": 0, "excluded_lines": 0, "percent_statements_covered": 100.0, "percent_statements_covered_display": "100"}, "missing_lines": [], "excluded_lines": [], "start_line": 62}, "CacheManager.needs_refresh": {"executed_lines": [], "summary": {"covered_lines": 0, "num_statements": 5, "percent_covered": 0.0, "percent_covered_display": "0", "missing_lines": 5, "excluded_lines": 0, "percent_statements_covered": 0.0, "percent_statements_covered_display": "0"}, "missing_lines": [83, 84, 87, 90, 92], "excluded_lines": [], "start_line": 65}, "CacheManager.refresh_commit_counts": {"executed_lines": [], "summary": {"covered_lines": 0, "num_statements": 1, "percent_covered": 0.0, "percent_covered_display": "0", "missing_lines": 1, "excluded_lines": 0, "percent_statements_covered": 0.0, "percent_statements_covered_display": "0"}, "missing_lines": [100], "excluded_lines": [], "start_line": 94}, "CacheManager.refresh_languages": {"executed_lines": [], "summary": {"covered_lines": 0, "num_statements": 1, "percent_covered": 0.0, "percent_covered_display": "0", "missing_lines": 1, "excluded_lines": 0, "percent_statements_covered": 0.0, "percent_statements_covered_display": "0"}, "missing_lines": [108], "excluded_lines": [], "start_line": 102}, "CacheManager.refresh_commits_stats": {"executed_lines": [], "summary": {"covered_lines": 0, "num_statements": 1, "percent_covered": 0.0, "percent_covered_display": "0", "missing_lines": 1, "excluded_lines": 0, "percent_statements_covered": 0.0, "percent_statements_covered_display": "0"}, "missing_lines": [116], "excluded_lines": [], "start_line": 110}, "CacheManager.refresh_readme": {"executed_lines": [], "summary": {"covered_lines": 0, "num_statements": 1, "percent_covered": 0.0, "percent_covered_display": "0", "missing_lines": 1, "excluded_lines": 0, "percent_statements_covered": 0.0, "percent_statements_covered_display": "0"}, "missing_lines": [124], "excluded_lines": [], "start_line": 118}, "CacheManager.refresh_quality_indicators": {"executed_lines": [], "summary": {"covered_lines": 0, "num_statements": 1, "percent_covered": 0.0, "percent_covered_display": "0", "missing_lines": 1, "excluded_lines": 0, "percent_statements_covered": 0.0, "percent_statements_covered_display": "0"}, "missing_lines": [132], "excluded_lines": [], "start_line": 126}, "CacheManager.refresh_dependency_files": {"executed_lines": [], "summary": {"covered_lines": 0, "num_statements": 1, "percent_covered": 0.0, "percent_covered_display": "0", "missing_lines": 1, "excluded_lines": 0, "percent_statements_covered": 0.0, "percent_statements_covered_display": "0"}, "missing_lines": [140], "excluded_lines": [], "start_line": 134}, "CacheManager.refresh_ai_summary": {"executed_lines": [], "summary": {"covered_lines": 0, "num_statements": 1, "percent_covered": 0.0, "percent_covered_display": "0", "missing_lines": 1, "excluded_lines": 0, "percent_statements_covered": 0.0, "percent_statements_covered_display": "0"}, "missing_lines": [148], "excluded_lines": [], "start_line": 142}, "CacheManager.refresh_pull_request_summary": {"executed_lines": [], "summary": {"covered_lines": 0, "num_statements": 1, "percent_covered": 0.0, "percent_covered_display": "0", "missing_lines": 1, "excluded_lines": 0, "percent_statements_covered": 0.0, "percent_statements_covered_display": "0"}, "missing_lines": [156], "excluded_lines": [], "start_line": 150}, "CacheManager.refresh_security_summary": {"executed_lines": [], "summary": {"covered_lines": 0, "num_statements": 1, "percent_covered": 0.0, "percent_covered_display": "0", "missing_lines": 1, "excluded_lines": 0, "percent_statements_covered": 0.0, "percent_statements_covered_display": "0"}, "missing_lines": [164], "excluded_lines": [], "start_line": 158}, "CacheManager.refresh_repository": {"executed_lines": [186, 189, 192, 194, 195, 197, 198, 200, 201, 203, 206, 209, 212, 215, 218, 221], "summary": {"covered_lines": 16, "num_statements": 24, "percent_covered": 66.66666666666667, "percent_covered_display": "67", "missing_lines": 8, "excluded_lines": 0, "percent_statements_covered": 66.66666666666667, "percent_statements_covered_display": "67"}, "missing_lines": [187, 190, 204, 207, 210, 213, 216, 219], "excluded_lines": [], "start_line": 166}, "CacheManager.refresh_user_data": {"executed_lines": [242, 243, 244, 246, 247, 248, 249, 251, 252, 253, 255, 260, 261, 262, 269, 270, 277, 278, 279, 280, 283, 284, 291, 294, 297, 299, 300, 301, 302, 303, 305], "summary": {"covered_lines": 31, "num_statements": 38, "percent_covered": 81.57894736842105, "percent_covered_display": "82", "missing_lines": 7, "excluded_lines": 0, "percent_statements_covered": 81.57894736842105, "percent_statements_covered_display": "82"}, "missing_lines": [256, 257, 263, 264, 265, 266, 295], "excluded_lines": [], "start_line": 223}, "CacheManager._is_excluded_repo": {"executed_lines": [], "summary": {"covered_lines": 0, "num_statements": 1, "percent_covered": 0.0, "percent_covered_display": "0", "missing_lines": 1, "excluded_lines": 0, "percent_statements_covered": 0.0, "percent_statements_covered_display": "0"}, "missing_lines": [316], "excluded_lines": [], "start_line": 315}, "": {"executed_lines": [11, 12, 14, 15, 16, 17, 18, 19, 20, 23, 25, 34, 37, 57, 58, 61, 62, 65, 94, 102, 110, 118, 126, 134, 142, 150, 158, 166, 223, 314, 315], "summary": {"covered_lines": 31, "num_statements": 31, "percent_covered": 100.0, "percent_covered_display": "100", "missing_lines": 0, "excluded_lines": 0, "percent_statements_covered": 100.0, "percent_statements_covered_display": "100"}, "missing_lines": [], "excluded_lines": [], "start_line": 1}}, "classes": {"RefreshSummary": {"executed_lines": [26, 27, 28, 29, 30, 31], "summary": {"covered_lines": 6, "num_statements": 6, "percent_covered": 100.0, "percent_covered_display": "100", "missing_lines": 0, "excluded_lines": 0, "percent_statements_covered": 100.0, "percent_statements_covered_display": "100"}, "missing_lines": [], "excluded_lines": [], "start_line": 23}, "CacheManager": {"executed_lines": [51, 52, 53, 54, 55, 59, 63, 186, 189, 192, 194, 195, 197, 198, 200, 201, 203, 206, 209, 212, 215, 218, 221, 242, 243, 244, 246, 247, 248, 249, 251, 252, 253, 255, 260, 261, 262, 269, 270, 277, 278, 279, 280, 283, 284, 291, 294, 297, 299, 300, 301, 302, 303, 305], "summary": {"covered_lines": 54, "num_statements": 84, "percent_covered": 64.28571428571429, "percent_covered_display": "64", "missing_lines": 30, "excluded_lines": 0, "percent_statements_covered": 64.28571428571429, "percent_statements_covered_display": "64"}, "missing_lines": [83, 84, 87, 90, 92, 100, 108, 116, 124, 132, 140, 148, 156, 164, 187, 190, 204, 207, 210, 213, 216, 219, 256, 257, 263, 264, 265, 266, 295, 316], "excluded_lines": [], "start_line": 34}, "": {"executed_lines": [11, 12, 14, 15, 16, 17, 18, 19, 20, 23, 25, 34, 37, 57, 58, 61, 62, 65, 94, 102, 110, 118, 126, 134, 142, 150, 158, 166, 223, 314, 315], "summary": {"covered_lines": 31, "num_statements": 31, "percent_covered": 100.0, "percent_covered_display": "100", "missing_lines": 0, "excluded_lines": 0, "percent_statements_covered": 100.0, "percent_statements_covered_display": "100"}, "missing_lines": [], "excluded_lines": [], "start_line": 1}}}, "src\\spark\\cache_refresh_executor.py": {"executed_lines": [3, 4, 5, 7, 9, 10, 11, 12, 13, 14, 15, 18, 19, 26, 29, 32, 33, 34, 35, 36, 37, 38, 39, 41, 100, 138, 161, 191, 255, 308, 392, 428], "summary": {"covered_lines": 32, "num_statements": 282, "percent_covered": 11.347517730496454, "percent_covered_display": "11", "missing_lines": 250, "excluded_lines": 0, "percent_statements_covered": 11.347517730496454, "percent_statements_covered_display": "11"}, "missing_lines": [42, 43, 44, 45, 46, 48, 49, 50, 51, 52, 53, 54, 56, 57, 58, 59, 60, 62, 63, 64, 65, 66, 67, 68, 69, 70, 71, 72, 73, 74, 75, 76, 77, 78, 79, 81, 88, 94, 95, 96, 97, 98, 101, 102, 103, 104, 105, 107, 108, 116, 117, 123, 124, 125, 133, 134, 135, 136, 139, 140, 141, 142, 143, 145, 146, 147, 148, 149, 155, 156, 157, 158, 159, 162, 163, 164, 165, 166, 168, 169, 170, 171, 172, 173, 174, 175, 176, 177, 179, 185, 186, 187, 188, 189, 192, 193, 194, 195, 196, 198, 199, 200, 202, 203, 204, 205, 206, 207, 208, 210, 211, 212, 213, 214, 215, 217, 218, 219, 220, 221, 223, 224, 225, 226, 227, 228, 229, 230, 231, 232, 233, 234, 235, 237, 243, 249, 250, 251, 252, 253, 256, 257, 258, 259, 260, 262, 263, 275, 276, 277, 278, 279, 280, 281, 282, 283, 284, 285, 287, 288, 289, 290, 291, 292, 293, 294, 296, 302, 303, 304, 305, 306, 309, 310, 311, 312, 313, 314, 316, 317, 319, 320, 321, 322, 323, 325, 326, 327, 328, 330, 331, 332, 333, 335, 336, 337, 338, 340, 341, 342, 343, 344, 349, 350, 351, 352, 354, 355, 357, 368, 369, 379, 384, 385, 387, 388, 389, 390, 393, 394, 395, 396, 397, 399, 400, 408, 409, 415, 421, 422, 423, 424, 425, 426, 429, 430, 431, 432, 433, 435, 436, 444, 445, 451, 457, 458, 459, 460, 461, 462], "excluded_lines": [], "functions": {"CacheRefreshExecutor.__init__": {"executed_lines": [33, 34, 35, 36, 37, 38, 39], "summary": {"covered_lines": 7, "num_statements": 7, "percent_covered": 100.0, "percent_covered_display": "100", "missing_lines": 0, "excluded_lines": 0, "percent_statements_covered": 100.0, "percent_statements_covered_display": "100"}, "missing_lines": [], "excluded_lines": [], "start_line": 32}, "CacheRefreshExecutor.refresh_commit_counts": {"executed_lines": [], "summary": {"covered_lines": 0, "num_statements": 42, "percent_covered": 0.0, "percent_covered_display": "0", "missing_lines": 42, "excluded_lines": 0, "percent_statements_covered": 0.0, "percent_statements_covered_display": "0"}, "missing_lines": [42, 43, 44, 45, 46, 48, 49, 50, 51, 52, 53, 54, 56, 57, 58, 59, 60, 62, 63, 64, 65, 66, 67, 68, 69, 70, 71, 72, 73, 74, 75, 76, 77, 78, 79, 81, 88, 94, 95, 96, 97, 98], "excluded_lines": [], "start_line": 41}, "CacheRefreshExecutor.refresh_commits_stats": {"executed_lines": [], "summary": {"covered_lines": 0, "num_statements": 16, "percent_covered": 0.0, "percent_covered_display": "0", "missing_lines": 16, "excluded_lines": 0, "percent_statements_covered": 0.0, "percent_statements_covered_display": "0"}, "missing_lines": [101, 102, 103, 104, 105, 107, 108, 116, 117, 123, 124, 125, 133, 134, 135, 136], "excluded_lines": [], "start_line": 100}, "CacheRefreshExecutor.refresh_languages": {"executed_lines": [], "summary": {"covered_lines": 0, "num_statements": 15, "percent_covered": 0.0, "percent_covered_display": "0", "missing_lines": 15, "excluded_lines": 0, "percent_statements_covered": 0.0, "percent_statements_covered_display": "0"}, "missing_lines": [139, 140, 141, 142, 143, 145, 146, 147, 148, 149, 155, 156, 157, 158, 159], "excluded_lines": [], "start_line": 138}, "CacheRefreshExecutor.refresh_readme": {"executed_lines": [], "summary": {"covered_lines": 0, "num_statements": 21, "percent_covered": 0.0, "percent_covered_display": "0", "missing_lines": 21, "excluded_lines": 0, "percent_statements_covered": 0.0, "percent_statements_covered_display": "0"}, "missing_lines": [162, 163, 164, 165, 166, 168, 169, 170, 171, 172, 173, 174, 175, 176, 177, 179, 185, 186, 187, 188, 189], "excluded_lines": [], "start_line": 161}, "CacheRefreshExecutor.refresh_quality_indicators": {"executed_lines": [], "summary": {"covered_lines": 0, "num_statements": 46, "percent_covered": 0.0, "percent_covered_display": "0", "missing_lines": 46, "excluded_lines": 0, "percent_statements_covered": 0.0, "percent_statements_covered_display": "0"}, "missing_lines": [192, 193, 194, 195, 196, 198, 199, 200, 202, 203, 204, 205, 206, 207, 208, 210, 211, 212, 213, 214, 215, 217, 218, 219, 220, 221, 223, 224, 225, 226, 227, 228, 229, 230, 231, 232, 233, 234, 235, 237, 243, 249, 250, 251, 252, 253], "excluded_lines": [], "start_line": 191}, "CacheRefreshExecutor.refresh_dependency_files": {"executed_lines": [], "summary": {"covered_lines": 0, "num_statements": 32, "percent_covered": 0.0, "percent_covered_display": "0", "missing_lines": 32, "excluded_lines": 0, "percent_statements_covered": 0.0, "percent_statements_covered_display": "0"}, "missing_lines": [256, 257, 258, 259, 260, 262, 263, 275, 276, 277, 278, 279, 280, 281, 282, 283, 284, 285, 287, 288, 289, 290, 291, 292, 293, 294, 296, 302, 303, 304, 305, 306], "excluded_lines": [], "start_line": 255}, "CacheRefreshExecutor.refresh_ai_summary": {"executed_lines": [], "summary": {"covered_lines": 0, "num_statements": 46, "percent_covered": 0.0, "percent_covered_display": "0", "missing_lines": 46, "excluded_lines": 0, "percent_statements_covered": 0.0, "percent_statements_covered_display": "0"}, "missing_lines": [309, 310, 311, 312, 313, 314, 316, 317, 319, 320, 321, 322, 323, 325, 326, 327, 328, 330, 331, 332, 333, 335, 336, 337, 338, 340, 341, 342, 343, 344, 349, 350, 351, 352, 354, 355, 357, 368, 369, 379, 384, 385, 387, 388, 389, 390], "excluded_lines": [], "start_line": 308}, "CacheRefreshExecutor.refresh_pull_request_summary": {"executed_lines": [], "summary": {"covered_lines": 0, "num_statements": 16, "percent_covered": 0.0, "percent_covered_display": "0", "missing_lines": 16, "excluded_lines": 0, "percent_statements_covered": 0.0, "percent_statements_covered_display": "0"}, "missing_lines": [393, 394, 395, 396, 397, 399, 400, 408, 409, 415, 421, 422, 423, 424, 425, 426], "excluded_lines": [], "start_line": 392}, "CacheRefreshExecutor.refresh_security_summary": {"executed_lines": [], "summary": {"covered_lines": 0, "num_statements": 16, "percent_covered": 0.0, "percent_covered_display": "0", "missing_lines": 16, "excluded_lines": 0, "percent_statements_covered": 0.0, "percent_statements_covered_display": "0"}, "missing_lines": [429, 430, 431, 432, 433, 435, 436, 444, 445, 451, 457, 458, 459, 460, 461, 462], "excluded_lines": [], "start_line": 428}, "": {"executed_lines": [3, 4, 5, 7, 9, 10, 11, 12, 13, 14, 15, 18, 19, 26, 29, 32, 41, 100, 138, 161, 191, 255, 308, 392, 428], "summary": {"covered_lines": 25, "num_statements": 25, "percent_covered": 100.0, "percent_covered_display": "100", "missing_lines": 0, "excluded_lines": 0, "percent_statements_covered": 100.0, "percent_statements_covered_display": "100"}, "missing_lines": [], "excluded_lines": [], "start_line": 1}}, "classes": {"RefreshResult": {"executed_lines": [], "summary": {"covered_lines": 0, "num_statements": 0, "percent_covered": 100.0, "percent_covered_display": "100", "missing_lines": 0, "excluded_lines": 0, "percent_statements_covered": 100.0, "percent_statements_covered_display": "100"}, "missing_lines": [], "excluded_lines": [], "start_line": 19}, "CacheRefreshExecutor": {"executed_lines": [33, 34, 35, 36, 37, 38, 39], "summary": {"covered_lines": 7, "num_statements": 257, "percent_covered": 2.7237354085603114, "percent_covered_display": "3", "missing_lines": 250, "excluded_lines": 0, "percent_statements_covered": 2.7237354085603114, "percent_statements_covered_display": "3"}, "missing_lines": [42, 43, 44, 45, 46, 48, 49, 50, 51, 52, 53, 54, 56, 57, 58, 59, 60, 62, 63, 64, 65, 66, 67, 68, 69, 70, 71, 72, 73, 74, 75, 76, 77, 78, 79, 81, 88, 94, 95, 96, 97, 98, 101, 102, 103, 104, 105, 107, 108, 116, 117, 123, 124, 125, 133, 134, 135, 136, 139, 140, 141, 142, 143, 145, 146, 147, 148, 149, 155, 156, 157, 158, 159, 162, 163, 164, 165, 166, 168, 169, 170, 171, 172, 173, 174, 175, 176, 177, 179, 185, 186, 187, 188, 189, 192, 193, 194, 195, 196, 198, 199, 200, 202, 203, 204, 205, 206, 207, 208, 210, 211, 212, 213, 214, 215, 217, 218, 219, 220, 221, 223, 224, 225, 226, 227, 228, 229, 230, 231, 232, 233, 234, 235, 237, 243, 249, 250, 251, 252, 253, 256, 257, 258, 259, 260, 262, 263, 275, 276, 277, 278, 279, 280, 281, 282, 283, 284, 285, 287, 288, 289, 290, 291, 292, 293, 294, 296, 302, 303, 304, 305, 306, 309, 310, 311, 312, 313, 314, 316, 317, 319, 320, 321, 322, 323, 325, 326, 327, 328, 330, 331, 332, 333, 335, 336, 337, 338, 340, 341, 342, 343, 344, 349, 350, 351, 352, 354, 355, 357, 368, 369, 379, 384, 385, 387, 388, 389, 390, 393, 394, 395, 396, 397, 399, 400, 408, 409, 415, 421, 422, 423, 424, 425, 426, 429, 430, 431, 432, 433, 435, 436, 444, 445, 451, 457, 458, 459, 460, 461, 462], "excluded_lines": [], "start_line": 29}, "": {"executed_lines": [3, 4, 5, 7, 9, 10, 11, 12, 13, 14, 15, 18, 19, 26, 29, 32, 41, 100, 138, 161, 191, 255, 308, 392, 428], "summary": {"covered_lines": 25, "num_statements": 25, "percent_covered": 100.0, "percent_covered_display": "100", "missing_lines": 0, "excluded_lines": 0, "percent_statements_covered": 100.0, "percent_statements_covered_display": "100"}, "missing_lines": [], "excluded_lines": [], "start_line": 1}}}, "src\\spark\\cache_refresh_strategy.py": {"executed_lines": [3, 4, 5, 8, 16, 19, 21, 22, 24, 27], "summary": {"covered_lines": 10, "num_statements": 12, "percent_covered": 83.33333333333333, "percent_covered_display": "83", "missing_lines": 2, "excluded_lines": 0, "percent_statements_covered": 83.33333333333333, "percent_statements_covered_display": "83"}, "missing_lines": [23, 35], "excluded_lines": [], "functions": {"get_refresh_categories": {"executed_lines": [21, 22, 24], "summary": {"covered_lines": 3, "num_statements": 4, "percent_covered": 75.0, "percent_covered_display": "75", "missing_lines": 1, "excluded_lines": 0, "percent_statements_covered": 75.0, "percent_statements_covered_display": "75"}, "missing_lines": [23], "excluded_lines": [], "start_line": 19}, "should_refresh_repository": {"executed_lines": [], "summary": {"covered_lines": 0, "num_statements": 1, "percent_covered": 0.0, "percent_covered_display": "0", "missing_lines": 1, "excluded_lines": 0, "percent_statements_covered": 0.0, "percent_statements_covered_display": "0"}, "missing_lines": [35], "excluded_lines": [], "start_line": 27}, "": {"executed_lines": [3, 4, 5, 8, 16, 19, 27], "summary": {"covered_lines": 7, "num_statements": 7, "percent_covered": 100.0, "percent_covered_display": "100", "missing_lines": 0, "excluded_lines": 0, "percent_statements_covered": 100.0, "percent_statements_covered_display": "100"}, "missing_lines": [], "excluded_lines": [], "start_line": 1}}, "classes": {"": {"executed_lines": [3, 4, 5, 8, 16, 19, 21, 22, 24, 27], "summary": {"covered_lines": 10, "num_statements": 12, "percent_covered": 83.33333333333333, "percent_covered_display": "83", "missing_lines": 2, "excluded_lines": 0, "percent_statements_covered": 83.33333333333333, "percent_statements_covered_display": "83"}, "missing_lines": [23, 35], "excluded_lines": [], "start_line": 1}}}, "src\\spark\\cache_repository_filter.py": {"executed_lines": [3, 6, 23], "summary": {"covered_lines": 3, "num_statements": 14, "percent_covered": 21.428571428571427, "percent_covered_display": "21", "missing_lines": 11, "excluded_lines": 0, "percent_statements_covered": 21.428571428571427, "percent_statements_covered_display": "21"}, "missing_lines": [8, 9, 10, 12, 13, 14, 16, 17, 18, 20, 25], "excluded_lines": [], "functions": {"is_excluded_repo": {"executed_lines": [], "summary": {"covered_lines": 0, "num_statements": 10, "percent_covered": 0.0, "percent_covered_display": "0", "missing_lines": 10, "excluded_lines": 0, "percent_statements_covered": 0.0, "percent_statements_covered_display": "0"}, "missing_lines": [8, 9, 10, 12, 13, 14, 16, 17, 18, 20], "excluded_lines": [], "start_line": 6}, "filter_refreshable_repositories": {"executed_lines": [], "summary": {"covered_lines": 0, "num_statements": 1, "percent_covered": 0.0, "percent_covered_display": "0", "missing_lines": 1, "excluded_lines": 0, "percent_statements_covered": 0.0, "percent_statements_covered_display": "0"}, "missing_lines": [25], "excluded_lines": [], "start_line": 23}, "": {"executed_lines": [3, 6, 23], "summary": {"covered_lines": 3, "num_statements": 3, "percent_covered": 100.0, "percent_covered_display": "100", "missing_lines": 0, "excluded_lines": 0, "percent_statements_covered": 100.0, "percent_statements_covered_display": "100"}, "missing_lines": [], "excluded_lines": [], "start_line": 1}}, "classes": {"": {"executed_lines": [3, 6, 23], "summary": {"covered_lines": 3, "num_statements": 14, "percent_covered": 21.428571428571427, "percent_covered_display": "21", "missing_lines": 11, "excluded_lines": 0, "percent_statements_covered": 21.428571428571427, "percent_statements_covered_display": "21"}, "missing_lines": [8, 9, 10, 12, 13, 14, 16, 17, 18, 20, 25], "excluded_lines": [], "start_line": 1}}}, "src\\spark\\cache_status.py": {"executed_lines": [3, 5, 6, 8, 9, 12, 15, 21, 23, 120, 203, 227, 267, 268], "summary": {"covered_lines": 14, "num_statements": 111, "percent_covered": 12.612612612612613, "percent_covered_display": "13", "missing_lines": 97, "excluded_lines": 0, "percent_statements_covered": 12.612612612612613, "percent_statements_covered_display": "13"}, "missing_lines": [32, 33, 34, 35, 36, 38, 39, 41, 50, 52, 53, 54, 55, 57, 58, 59, 60, 61, 63, 64, 66, 67, 68, 69, 73, 74, 75, 77, 78, 79, 80, 81, 83, 91, 92, 95, 96, 98, 99, 100, 103, 104, 105, 106, 108, 140, 142, 144, 145, 146, 147, 148, 149, 150, 153, 154, 155, 163, 165, 167, 168, 169, 176, 182, 183, 184, 186, 192, 195, 197, 198, 211, 212, 214, 215, 217, 222, 235, 236, 238, 239, 248, 253, 254, 255, 256, 258, 274, 275, 276, 278, 279, 280, 282, 283, 284, 286], "excluded_lines": [], "functions": {"CacheStatusTracker.__init__": {"executed_lines": [21], "summary": {"covered_lines": 1, "num_statements": 1, "percent_covered": 100.0, "percent_covered_display": "100", "missing_lines": 0, "excluded_lines": 0, "percent_statements_covered": 100.0, "percent_statements_covered_display": "100"}, "missing_lines": [], "excluded_lines": [], "start_line": 15}, "CacheStatusTracker.get_repository_cache_status": {"executed_lines": [], "summary": {"covered_lines": 0, "num_statements": 45, "percent_covered": 0.0, "percent_covered_display": "0", "missing_lines": 45, "excluded_lines": 0, "percent_statements_covered": 0.0, "percent_statements_covered_display": "0"}, "missing_lines": [32, 33, 34, 35, 36, 38, 39, 41, 50, 52, 53, 54, 55, 57, 58, 59, 60, 61, 63, 64, 66, 67, 68, 69, 73, 74, 75, 77, 78, 79, 80, 81, 83, 91, 92, 95, 96, 98, 99, 100, 103, 104, 105, 106, 108], "excluded_lines": [], "start_line": 23}, "CacheStatusTracker.update_repositories_cache_with_status": {"executed_lines": [], "summary": {"covered_lines": 0, "num_statements": 26, "percent_covered": 0.0, "percent_covered_display": "0", "missing_lines": 26, "excluded_lines": 0, "percent_statements_covered": 0.0, "percent_statements_covered_display": "0"}, "missing_lines": [140, 142, 144, 145, 146, 147, 148, 149, 150, 153, 154, 155, 163, 165, 167, 168, 169, 176, 182, 183, 184, 186, 192, 195, 197, 198], "excluded_lines": [], "start_line": 120}, "CacheStatusTracker.get_repositories_needing_refresh": {"executed_lines": [], "summary": {"covered_lines": 0, "num_statements": 6, "percent_covered": 0.0, "percent_covered_display": "0", "missing_lines": 6, "excluded_lines": 0, "percent_statements_covered": 0.0, "percent_statements_covered_display": "0"}, "missing_lines": [211, 212, 214, 215, 217, 222], "excluded_lines": [], "start_line": 203}, "CacheStatusTracker.get_cache_statistics": {"executed_lines": [], "summary": {"covered_lines": 0, "num_statements": 10, "percent_covered": 0.0, "percent_covered_display": "0", "missing_lines": 10, "excluded_lines": 0, "percent_statements_covered": 0.0, "percent_statements_covered_display": "0"}, "missing_lines": [235, 236, 238, 239, 248, 253, 254, 255, 256, 258], "excluded_lines": [], "start_line": 227}, "CacheStatusTracker._is_excluded_repo": {"executed_lines": [], "summary": {"covered_lines": 0, "num_statements": 10, "percent_covered": 0.0, "percent_covered_display": "0", "missing_lines": 10, "excluded_lines": 0, "percent_statements_covered": 0.0, "percent_statements_covered_display": "0"}, "missing_lines": [274, 275, 276, 278, 279, 280, 282, 283, 284, 286], "excluded_lines": [], "start_line": 268}, "": {"executed_lines": [3, 5, 6, 8, 9, 12, 15, 23, 120, 203, 227, 267, 268], "summary": {"covered_lines": 13, "num_statements": 13, "percent_covered": 100.0, "percent_covered_display": "100", "missing_lines": 0, "excluded_lines": 0, "percent_statements_covered": 100.0, "percent_statements_covered_display": "100"}, "missing_lines": [], "excluded_lines": [], "start_line": 1}}, "classes": {"CacheStatusTracker": {"executed_lines": [21], "summary": {"covered_lines": 1, "num_statements": 98, "percent_covered": 1.0204081632653061, "percent_covered_display": "1", "missing_lines": 97, "excluded_lines": 0, "percent_statements_covered": 1.0204081632653061, "percent_statements_covered_display": "1"}, "missing_lines": [32, 33, 34, 35, 36, 38, 39, 41, 50, 52, 53, 54, 55, 57, 58, 59, 60, 61, 63, 64, 66, 67, 68, 69, 73, 74, 75, 77, 78, 79, 80, 81, 83, 91, 92, 95, 96, 98, 99, 100, 103, 104, 105, 106, 108, 140, 142, 144, 145, 146, 147, 148, 149, 150, 153, 154, 155, 163, 165, 167, 168, 169, 176, 182, 183, 184, 186, 192, 195, 197, 198, 211, 212, 214, 215, 217, 222, 235, 236, 238, 239, 248, 253, 254, 255, 256, 258, 274, 275, 276, 278, 279, 280, 282, 283, 284, 286], "excluded_lines": [], "start_line": 12}, "": {"executed_lines": [3, 5, 6, 8, 9, 12, 15, 23, 120, 203, 227, 267, 268], "summary": {"covered_lines": 13, "num_statements": 13, "percent_covered": 100.0, "percent_covered_display": "100", "missing_lines": 0, "excluded_lines": 0, "percent_statements_covered": 100.0, "percent_statements_covered_display": "100"}, "missing_lines": [], "excluded_lines": [], "start_line": 1}}}, "src\\spark\\calculator.py": {"executed_lines": [3, 4, 5, 6, 9, 12, 19, 20, 21, 22, 24, 30, 32, 38, 39, 41, 48, 49, 50, 51, 52, 53, 59, 60, 61, 62, 63, 64, 66, 78, 86, 87, 88, 91, 98, 100, 108, 117, 118, 121, 122, 123, 124, 125, 126, 128, 132, 133, 134, 137, 140, 141, 142, 145, 146, 151, 152, 153, 154, 155, 163, 164, 167, 169, 171, 177, 181, 182, 184, 185, 187, 193, 194, 195, 196, 199, 200, 201, 202, 204, 205, 207, 216, 217, 218, 219, 220, 221, 222, 223, 225, 227, 233, 241, 242, 243, 244, 245, 247, 250, 251, 254, 255, 258, 259, 260, 261, 263, 266, 268, 276, 282, 283, 285, 286, 289, 290, 291, 292, 299, 302, 303, 304, 305, 307, 312, 314, 316, 322, 323, 331, 332, 333, 334, 335, 338, 341, 342, 343, 345, 346, 347, 352, 355, 356, 357, 358, 360, 362, 363, 364, 365, 368, 378, 380, 387, 389, 390, 391, 393, 394, 395, 397, 398, 399, 404, 406, 407, 408, 409, 410, 411, 412, 413, 417, 419, 421, 422, 424, 425, 426, 427, 428, 430, 431, 432, 433, 435, 436, 437, 439, 441, 443, 445, 446, 447, 448, 450, 451, 452, 453, 454, 456, 458, 460, 461, 464, 465, 470, 471, 474, 475, 477, 479, 485, 486, 488, 494, 496, 497, 498, 499, 500, 504, 506, 518, 528, 529, 531, 532, 539, 540, 548, 555, 556, 564, 571, 572, 574, 575, 577, 578, 582, 584, 585, 587, 588, 589, 591, 592, 593, 594, 595, 597, 598, 599, 602, 604, 607, 608, 610, 612, 613, 615, 617, 618, 619, 622, 623, 624, 626, 628, 633, 634, 637, 638, 645, 646, 647, 648, 652, 660, 676, 685, 688, 689, 691, 692, 694, 695, 696, 698, 699, 701, 702, 704, 705, 706, 707, 708, 709, 716, 717, 718, 719, 720, 721, 722, 724, 725, 726, 727, 728, 729, 730, 732, 733, 734, 735, 736, 737, 744, 755, 756, 775, 778, 779, 780, 781, 783, 785, 786, 803, 818, 819, 820, 822, 824, 825, 828, 829, 839, 840, 850, 853, 854, 856, 858, 860, 861, 862, 863, 865, 866, 867, 869, 877], "summary": {"covered_lines": 357, "num_statements": 392, "percent_covered": 91.07142857142857, "percent_covered_display": "91", "missing_lines": 35, "excluded_lines": 0, "percent_statements_covered": 91.07142857142857, "percent_statements_covered_display": "91"}, "missing_lines": [129, 138, 157, 159, 234, 287, 349, 350, 367, 370, 371, 372, 373, 375, 401, 402, 415, 462, 466, 467, 468, 472, 502, 579, 580, 600, 605, 620, 635, 650, 686, 776, 804, 859, 864], "excluded_lines": [], "functions": {"StatsCalculator.__init__": {"executed_lines": [19, 20, 21, 22], "summary": {"covered_lines": 4, "num_statements": 4, "percent_covered": 100.0, "percent_covered_display": "100", "missing_lines": 0, "excluded_lines": 0, "percent_statements_covered": 100.0, "percent_statements_covered_display": "100"}, "missing_lines": [], "excluded_lines": [], "start_line": 12}, "StatsCalculator.add_commits": {"executed_lines": [30], "summary": {"covered_lines": 1, "num_statements": 1, "percent_covered": 100.0, "percent_covered_display": "100", "missing_lines": 0, "excluded_lines": 0, "percent_statements_covered": 100.0, "percent_statements_covered_display": "100"}, "missing_lines": [], "excluded_lines": [], "start_line": 24}, "StatsCalculator.add_languages": {"executed_lines": [38, 39], "summary": {"covered_lines": 2, "num_statements": 2, "percent_covered": 100.0, "percent_covered_display": "100", "missing_lines": 0, "excluded_lines": 0, "percent_statements_covered": 100.0, "percent_statements_covered_display": "100"}, "missing_lines": [], "excluded_lines": [], "start_line": 32}, "StatsCalculator.calculate_statistics": {"executed_lines": [48, 49, 50, 51, 52, 53, 59, 60, 61, 62, 63, 64, 66], "summary": {"covered_lines": 13, "num_statements": 13, "percent_covered": 100.0, "percent_covered_display": "100", "missing_lines": 0, "excluded_lines": 0, "percent_statements_covered": 100.0, "percent_statements_covered_display": "100"}, "missing_lines": [], "excluded_lines": [], "start_line": 41}, "StatsCalculator.calculate_spark_score": {"executed_lines": [86, 87, 88, 91, 98, 100], "summary": {"covered_lines": 6, "num_statements": 6, "percent_covered": 100.0, "percent_covered_display": "100", "missing_lines": 0, "excluded_lines": 0, "percent_statements_covered": 100.0, "percent_statements_covered_display": "100"}, "missing_lines": [], "excluded_lines": [], "start_line": 78}, "StatsCalculator._calculate_consistency_score": {"executed_lines": [117, 118, 121, 122, 123, 124, 125, 126, 128, 132, 133, 134, 137, 140, 141, 142, 145, 146, 151, 152, 153, 154, 155, 163, 164, 167, 169], "summary": {"covered_lines": 27, "num_statements": 31, "percent_covered": 87.09677419354838, "percent_covered_display": "87", "missing_lines": 4, "excluded_lines": 0, "percent_statements_covered": 87.09677419354838, "percent_statements_covered_display": "87"}, "missing_lines": [129, 138, 157, 159], "excluded_lines": [], "start_line": 108}, "StatsCalculator._calculate_volume_score": {"executed_lines": [177, 181, 182, 184, 185], "summary": {"covered_lines": 5, "num_statements": 5, "percent_covered": 100.0, "percent_covered_display": "100", "missing_lines": 0, "excluded_lines": 0, "percent_statements_covered": 100.0, "percent_statements_covered_display": "100"}, "missing_lines": [], "excluded_lines": [], "start_line": 171}, "StatsCalculator._calculate_collaboration_score": {"executed_lines": [193, 194, 195, 196, 199, 200, 201, 202, 204, 205], "summary": {"covered_lines": 10, "num_statements": 10, "percent_covered": 100.0, "percent_covered_display": "100", "missing_lines": 0, "excluded_lines": 0, "percent_statements_covered": 100.0, "percent_statements_covered_display": "100"}, "missing_lines": [], "excluded_lines": [], "start_line": 187}, "StatsCalculator.calculate_lightning_rating": {"executed_lines": [216, 217, 218, 219, 220, 221, 222, 223, 225], "summary": {"covered_lines": 9, "num_statements": 9, "percent_covered": 100.0, "percent_covered_display": "100", "missing_lines": 0, "excluded_lines": 0, "percent_statements_covered": 100.0, "percent_statements_covered_display": "100"}, "missing_lines": [], "excluded_lines": [], "start_line": 207}, "StatsCalculator.analyze_time_patterns": {"executed_lines": [233, 241, 242, 243, 244, 245, 247, 250, 251, 254, 255, 258, 259, 260, 261, 263, 266, 268], "summary": {"covered_lines": 18, "num_statements": 19, "percent_covered": 94.73684210526316, "percent_covered_display": "95", "missing_lines": 1, "excluded_lines": 0, "percent_statements_covered": 94.73684210526316, "percent_statements_covered_display": "95"}, "missing_lines": [234], "excluded_lines": [], "start_line": 227}, "StatsCalculator.aggregate_languages": {"executed_lines": [282, 283, 285, 286, 289, 290, 291, 292, 299, 302, 303, 304, 305, 307, 312, 314], "summary": {"covered_lines": 16, "num_statements": 17, "percent_covered": 94.11764705882354, "percent_covered_display": "94", "missing_lines": 1, "excluded_lines": 0, "percent_statements_covered": 94.11764705882354, "percent_statements_covered_display": "94"}, "missing_lines": [287], "excluded_lines": [], "start_line": 276}, "StatsCalculator.calculate_streaks": {"executed_lines": [322, 323, 331, 332, 333, 334, 335, 338, 341, 342, 343, 345, 346, 347, 352, 355, 356, 357, 358, 360, 362, 363, 364, 365, 368, 378, 380], "summary": {"covered_lines": 27, "num_statements": 35, "percent_covered": 77.14285714285714, "percent_covered_display": "77", "missing_lines": 8, "excluded_lines": 0, "percent_statements_covered": 77.14285714285714, "percent_statements_covered_display": "77"}, "missing_lines": [349, 350, 367, 370, 371, 372, 373, 375], "excluded_lines": [], "start_line": 316}, "StatsCalculator._calculate_learning_streaks": {"executed_lines": [389, 390, 391, 393, 394, 395, 397, 398, 399, 404, 406, 407, 408, 409, 410, 411, 412, 413, 417], "summary": {"covered_lines": 19, "num_statements": 22, "percent_covered": 86.36363636363636, "percent_covered_display": "86", "missing_lines": 3, "excluded_lines": 0, "percent_statements_covered": 86.36363636363636, "percent_statements_covered_display": "86"}, "missing_lines": [401, 402, 415], "excluded_lines": [], "start_line": 387}, "StatsCalculator._extract_language_introduction_dates": {"executed_lines": [421, 422, 424, 425, 426, 427, 428, 430, 431, 432, 433, 435, 436, 437, 439], "summary": {"covered_lines": 15, "num_statements": 15, "percent_covered": 100.0, "percent_covered_display": "100", "missing_lines": 0, "excluded_lines": 0, "percent_statements_covered": 100.0, "percent_statements_covered_display": "100"}, "missing_lines": [], "excluded_lines": [], "start_line": 419}, "StatsCalculator._build_repo_language_map": {"executed_lines": [443, 445, 446, 447, 448, 450, 451, 452, 453, 454, 456], "summary": {"covered_lines": 11, "num_statements": 11, "percent_covered": 100.0, "percent_covered_display": "100", "missing_lines": 0, "excluded_lines": 0, "percent_statements_covered": 100.0, "percent_statements_covered_display": "100"}, "missing_lines": [], "excluded_lines": [], "start_line": 441}, "StatsCalculator._extract_commit_language": {"executed_lines": [460, 461, 464, 465, 470, 471, 474, 475, 477], "summary": {"covered_lines": 9, "num_statements": 14, "percent_covered": 64.28571428571429, "percent_covered_display": "64", "missing_lines": 5, "excluded_lines": 0, "percent_statements_covered": 64.28571428571429, "percent_statements_covered_display": "64"}, "missing_lines": [462, 466, 467, 468, 472], "excluded_lines": [], "start_line": 458}, "StatsCalculator.calculate_fun_stats": {"executed_lines": [485, 486, 488, 494, 496, 497, 498, 499, 500, 504, 506], "summary": {"covered_lines": 11, "num_statements": 12, "percent_covered": 91.66666666666667, "percent_covered_display": "92", "missing_lines": 1, "excluded_lines": 0, "percent_statements_covered": 91.66666666666667, "percent_statements_covered_display": "92"}, "missing_lines": [502], "excluded_lines": [], "start_line": 479}, "StatsCalculator.calculate_release_cadence": {"executed_lines": [528, 529, 531, 532, 539, 540, 548, 555, 556, 564], "summary": {"covered_lines": 10, "num_statements": 10, "percent_covered": 100.0, "percent_covered_display": "100", "missing_lines": 0, "excluded_lines": 0, "percent_statements_covered": 100.0, "percent_statements_covered_display": "100"}, "missing_lines": [], "excluded_lines": [], "start_line": 518}, "StatsCalculator._parse_iso_datetime": {"executed_lines": [574, 575, 577, 578], "summary": {"covered_lines": 4, "num_statements": 6, "percent_covered": 66.66666666666667, "percent_covered_display": "67", "missing_lines": 2, "excluded_lines": 0, "percent_statements_covered": 66.66666666666667, "percent_statements_covered_display": "67"}, "missing_lines": [579, 580], "excluded_lines": [], "start_line": 572}, "StatsCalculator._calculate_account_age_days": {"executed_lines": [584, 585, 587, 588, 589, 591, 592, 593, 594, 595, 597, 598, 599, 602, 604, 607, 608], "summary": {"covered_lines": 17, "num_statements": 19, "percent_covered": 89.47368421052632, "percent_covered_display": "89", "missing_lines": 2, "excluded_lines": 0, "percent_statements_covered": 89.47368421052632, "percent_statements_covered_display": "89"}, "missing_lines": [600, 605], "excluded_lines": [], "start_line": 582}, "StatsCalculator._extract_commit_datetime": {"executed_lines": [612, 613], "summary": {"covered_lines": 2, "num_statements": 2, "percent_covered": 100.0, "percent_covered_display": "100", "missing_lines": 0, "excluded_lines": 0, "percent_statements_covered": 100.0, "percent_statements_covered_display": "100"}, "missing_lines": [], "excluded_lines": [], "start_line": 610}, "StatsCalculator._extract_commit_cadence_record": {"executed_lines": [617, 618, 619, 622, 623, 624, 626], "summary": {"covered_lines": 7, "num_statements": 8, "percent_covered": 87.5, "percent_covered_display": "88", "missing_lines": 1, "excluded_lines": 0, "percent_statements_covered": 87.5, "percent_statements_covered_display": "88"}, "missing_lines": [620], "excluded_lines": [], "start_line": 615}, "StatsCalculator._extract_repository_activity_record": {"executed_lines": [633, 634, 637, 638, 645, 646, 647, 648], "summary": {"covered_lines": 8, "num_statements": 10, "percent_covered": 80.0, "percent_covered_display": "80", "missing_lines": 2, "excluded_lines": 0, "percent_statements_covered": 80.0, "percent_statements_covered_display": "80"}, "missing_lines": [635, 650], "excluded_lines": [], "start_line": 628}, "StatsCalculator._empty_release_cadence": {"executed_lines": [660], "summary": {"covered_lines": 1, "num_statements": 1, "percent_covered": 100.0, "percent_covered_display": "100", "missing_lines": 0, "excluded_lines": 0, "percent_statements_covered": 100.0, "percent_statements_covered_display": "100"}, "missing_lines": [], "excluded_lines": [], "start_line": 652}, "StatsCalculator._build_release_cadence_series": {"executed_lines": [685, 688, 689, 691, 692, 694, 695, 696, 698, 699, 701, 702, 704, 705, 706, 707, 708, 709, 716, 724, 725, 726, 727, 728, 729, 730, 732, 733, 734, 735, 736, 737, 744], "summary": {"covered_lines": 33, "num_statements": 34, "percent_covered": 97.05882352941177, "percent_covered_display": "97", "missing_lines": 1, "excluded_lines": 0, "percent_statements_covered": 97.05882352941177, "percent_statements_covered_display": "97"}, "missing_lines": [686], "excluded_lines": [], "start_line": 676}, "StatsCalculator._build_release_cadence_series.previous_month_start": {"executed_lines": [717, 718, 719, 720, 721, 722], "summary": {"covered_lines": 6, "num_statements": 6, "percent_covered": 100.0, "percent_covered_display": "100", "missing_lines": 0, "excluded_lines": 0, "percent_statements_covered": 100.0, "percent_statements_covered_display": "100"}, "missing_lines": [], "excluded_lines": [], "start_line": 716}, "StatsCalculator.calculate_commit_size": {"executed_lines": [775, 778, 779, 780, 781, 783], "summary": {"covered_lines": 6, "num_statements": 7, "percent_covered": 85.71428571428571, "percent_covered_display": "86", "missing_lines": 1, "excluded_lines": 0, "percent_statements_covered": 85.71428571428571, "percent_statements_covered_display": "86"}, "missing_lines": [776], "excluded_lines": [], "start_line": 756}, "StatsCalculator.calculate_repository_commit_metrics": {"executed_lines": [803, 818, 819, 820, 822, 824, 825, 828, 829, 839, 840, 850, 853, 854, 856, 869, 877], "summary": {"covered_lines": 17, "num_statements": 18, "percent_covered": 94.44444444444444, "percent_covered_display": "94", "missing_lines": 1, "excluded_lines": 0, "percent_statements_covered": 94.44444444444444, "percent_statements_covered_display": "94"}, "missing_lines": [804], "excluded_lines": [], "start_line": 786}, "StatsCalculator.calculate_repository_commit_metrics.percentile": {"executed_lines": [858, 860, 861, 862, 863, 865, 866, 867], "summary": {"covered_lines": 8, "num_statements": 10, "percent_covered": 80.0, "percent_covered_display": "80", "missing_lines": 2, "excluded_lines": 0, "percent_statements_covered": 80.0, "percent_statements_covered_display": "80"}, "missing_lines": [859, 864], "excluded_lines": [], "start_line": 856}, "": {"executed_lines": [3, 4, 5, 6, 9, 12, 24, 32, 41, 78, 108, 171, 187, 207, 227, 276, 316, 387, 419, 441, 458, 479, 518, 571, 572, 582, 610, 615, 628, 652, 676, 755, 756, 785, 786], "summary": {"covered_lines": 35, "num_statements": 35, "percent_covered": 100.0, "percent_covered_display": "100", "missing_lines": 0, "excluded_lines": 0, "percent_statements_covered": 100.0, "percent_statements_covered_display": "100"}, "missing_lines": [], "excluded_lines": [], "start_line": 1}}, "classes": {"StatsCalculator": {"executed_lines": [19, 20, 21, 22, 30, 38, 39, 48, 49, 50, 51, 52, 53, 59, 60, 61, 62, 63, 64, 66, 86, 87, 88, 91, 98, 100, 117, 118, 121, 122, 123, 124, 125, 126, 128, 132, 133, 134, 137, 140, 141, 142, 145, 146, 151, 152, 153, 154, 155, 163, 164, 167, 169, 177, 181, 182, 184, 185, 193, 194, 195, 196, 199, 200, 201, 202, 204, 205, 216, 217, 218, 219, 220, 221, 222, 223, 225, 233, 241, 242, 243, 244, 245, 247, 250, 251, 254, 255, 258, 259, 260, 261, 263, 266, 268, 282, 283, 285, 286, 289, 290, 291, 292, 299, 302, 303, 304, 305, 307, 312, 314, 322, 323, 331, 332, 333, 334, 335, 338, 341, 342, 343, 345, 346, 347, 352, 355, 356, 357, 358, 360, 362, 363, 364, 365, 368, 378, 380, 389, 390, 391, 393, 394, 395, 397, 398, 399, 404, 406, 407, 408, 409, 410, 411, 412, 413, 417, 421, 422, 424, 425, 426, 427, 428, 430, 431, 432, 433, 435, 436, 437, 439, 443, 445, 446, 447, 448, 450, 451, 452, 453, 454, 456, 460, 461, 464, 465, 470, 471, 474, 475, 477, 485, 486, 488, 494, 496, 497, 498, 499, 500, 504, 506, 528, 529, 531, 532, 539, 540, 548, 555, 556, 564, 574, 575, 577, 578, 584, 585, 587, 588, 589, 591, 592, 593, 594, 595, 597, 598, 599, 602, 604, 607, 608, 612, 613, 617, 618, 619, 622, 623, 624, 626, 633, 634, 637, 638, 645, 646, 647, 648, 660, 685, 688, 689, 691, 692, 694, 695, 696, 698, 699, 701, 702, 704, 705, 706, 707, 708, 709, 716, 717, 718, 719, 720, 721, 722, 724, 725, 726, 727, 728, 729, 730, 732, 733, 734, 735, 736, 737, 744, 775, 778, 779, 780, 781, 783, 803, 818, 819, 820, 822, 824, 825, 828, 829, 839, 840, 850, 853, 854, 856, 858, 860, 861, 862, 863, 865, 866, 867, 869, 877], "summary": {"covered_lines": 322, "num_statements": 357, "percent_covered": 90.19607843137256, "percent_covered_display": "90", "missing_lines": 35, "excluded_lines": 0, "percent_statements_covered": 90.19607843137256, "percent_statements_covered_display": "90"}, "missing_lines": [129, 138, 157, 159, 234, 287, 349, 350, 367, 370, 371, 372, 373, 375, 401, 402, 415, 462, 466, 467, 468, 472, 502, 579, 580, 600, 605, 620, 635, 650, 686, 776, 804, 859, 864], "excluded_lines": [], "start_line": 9}, "": {"executed_lines": [3, 4, 5, 6, 9, 12, 24, 32, 41, 78, 108, 171, 187, 207, 227, 276, 316, 387, 419, 441, 458, 479, 518, 571, 572, 582, 610, 615, 628, 652, 676, 755, 756, 785, 786], "summary": {"covered_lines": 35, "num_statements": 35, "percent_covered": 100.0, "percent_covered_display": "100", "missing_lines": 0, "excluded_lines": 0, "percent_statements_covered": 100.0, "percent_statements_covered_display": "100"}, "missing_lines": [], "excluded_lines": [], "start_line": 1}}}, "src\\spark\\cli.py": {"executed_lines": [3, 4, 6, 7, 16, 19, 21, 23, 26, 27, 28, 30, 33, 34, 49], "summary": {"covered_lines": 15, "num_statements": 28, "percent_covered": 53.57142857142857, "percent_covered_display": "54", "missing_lines": 13, "excluded_lines": 0, "percent_statements_covered": 53.57142857142857, "percent_statements_covered_display": "54"}, "missing_lines": [35, 36, 37, 38, 39, 40, 41, 42, 43, 44, 45, 46, 50], "excluded_lines": [], "functions": {"main": {"executed_lines": [21, 23, 26, 27, 28, 30, 33, 34], "summary": {"covered_lines": 8, "num_statements": 20, "percent_covered": 40.0, "percent_covered_display": "40", "missing_lines": 12, "excluded_lines": 0, "percent_statements_covered": 40.0, "percent_statements_covered_display": "40"}, "missing_lines": [35, 36, 37, 38, 39, 40, 41, 42, 43, 44, 45, 46], "excluded_lines": [], "start_line": 19}, "": {"executed_lines": [3, 4, 6, 7, 16, 19, 49], "summary": {"covered_lines": 7, "num_statements": 8, "percent_covered": 87.5, "percent_covered_display": "88", "missing_lines": 1, "excluded_lines": 0, "percent_statements_covered": 87.5, "percent_statements_covered_display": "88"}, "missing_lines": [50], "excluded_lines": [], "start_line": 1}}, "classes": {"": {"executed_lines": [3, 4, 6, 7, 16, 19, 21, 23, 26, 27, 28, 30, 33, 34, 49], "summary": {"covered_lines": 15, "num_statements": 28, "percent_covered": 53.57142857142857, "percent_covered_display": "54", "missing_lines": 13, "excluded_lines": 0, "percent_statements_covered": 53.57142857142857, "percent_statements_covered_display": "54"}, "missing_lines": [35, 36, 37, 38, 39, 40, 41, 42, 43, 44, 45, 46, 50], "excluded_lines": [], "start_line": 1}}}, "src\\spark\\cli_argument_builders.py": {"executed_lines": [3, 6, 34, 36, 41, 43, 44, 45, 46, 47, 48, 49, 50, 53, 54, 58, 59, 65, 71, 76, 81, 82, 88, 93, 100, 101, 102, 103, 109, 115, 120, 126, 127, 132, 137, 144, 145, 146, 147, 153, 159, 164, 169, 172, 173, 174, 180, 188, 189, 190, 191, 192, 200, 201, 202, 203, 208, 209, 210, 215, 220, 225, 230, 231, 234, 235, 239, 240, 245, 250], "summary": {"covered_lines": 70, "num_statements": 70, "percent_covered": 100.0, "percent_covered_display": "100", "missing_lines": 0, "excluded_lines": 0, "percent_statements_covered": 100.0, "percent_statements_covered_display": "100"}, "missing_lines": [], "excluded_lines": [], "functions": {"build_main_parser": {"executed_lines": [36, 41, 43, 44, 45, 46, 47, 48, 49, 50], "summary": {"covered_lines": 10, "num_statements": 10, "percent_covered": 100.0, "percent_covered_display": "100", "missing_lines": 0, "excluded_lines": 0, "percent_statements_covered": 100.0, "percent_statements_covered_display": "100"}, "missing_lines": [], "excluded_lines": [], "start_line": 34}, "_add_unified_parser": {"executed_lines": [54, 58, 59, 65, 71, 76, 81, 82, 88, 93], "summary": {"covered_lines": 10, "num_statements": 10, "percent_covered": 100.0, "percent_covered_display": "100", "missing_lines": 0, "excluded_lines": 0, "percent_statements_covered": 100.0, "percent_statements_covered_display": "100"}, "missing_lines": [], "excluded_lines": [], "start_line": 53}, "_add_analyze_parser": {"executed_lines": [101, 102, 103, 109, 115, 120, 126, 127, 132, 137], "summary": {"covered_lines": 10, "num_statements": 10, "percent_covered": 100.0, "percent_covered_display": "100", "missing_lines": 0, "excluded_lines": 0, "percent_statements_covered": 100.0, "percent_statements_covered_display": "100"}, "missing_lines": [], "excluded_lines": [], "start_line": 100}, "_add_generate_parser": {"executed_lines": [145, 146, 147, 153, 159, 164, 169], "summary": {"covered_lines": 7, "num_statements": 7, "percent_covered": 100.0, "percent_covered_display": "100", "missing_lines": 0, "excluded_lines": 0, "percent_statements_covered": 100.0, "percent_statements_covered_display": "100"}, "missing_lines": [], "excluded_lines": [], "start_line": 144}, "_add_preview_parser": {"executed_lines": [173, 174, 180], "summary": {"covered_lines": 3, "num_statements": 3, "percent_covered": 100.0, "percent_covered_display": "100", "missing_lines": 0, "excluded_lines": 0, "percent_statements_covered": 100.0, "percent_statements_covered_display": "100"}, "missing_lines": [], "excluded_lines": [], "start_line": 172}, "_add_config_parser": {"executed_lines": [189, 190, 191, 192], "summary": {"covered_lines": 4, "num_statements": 4, "percent_covered": 100.0, "percent_covered_display": "100", "missing_lines": 0, "excluded_lines": 0, "percent_statements_covered": 100.0, "percent_statements_covered_display": "100"}, "missing_lines": [], "excluded_lines": [], "start_line": 188}, "_add_cache_parser": {"executed_lines": [201, 202, 203, 208, 209, 210, 215, 220, 225, 230, 231], "summary": {"covered_lines": 11, "num_statements": 11, "percent_covered": 100.0, "percent_covered_display": "100", "missing_lines": 0, "excluded_lines": 0, "percent_statements_covered": 100.0, "percent_statements_covered_display": "100"}, "missing_lines": [], "excluded_lines": [], "start_line": 200}, "_add_refresh_parser": {"executed_lines": [235, 239, 240, 245, 250], "summary": {"covered_lines": 5, "num_statements": 5, "percent_covered": 100.0, "percent_covered_display": "100", "missing_lines": 0, "excluded_lines": 0, "percent_statements_covered": 100.0, "percent_statements_covered_display": "100"}, "missing_lines": [], "excluded_lines": [], "start_line": 234}, "": {"executed_lines": [3, 6, 34, 53, 100, 144, 172, 188, 200, 234], "summary": {"covered_lines": 10, "num_statements": 10, "percent_covered": 100.0, "percent_covered_display": "100", "missing_lines": 0, "excluded_lines": 0, "percent_statements_covered": 100.0, "percent_statements_covered_display": "100"}, "missing_lines": [], "excluded_lines": [], "start_line": 1}}, "classes": {"": {"executed_lines": [3, 6, 34, 36, 41, 43, 44, 45, 46, 47, 48, 49, 50, 53, 54, 58, 59, 65, 71, 76, 81, 82, 88, 93, 100, 101, 102, 103, 109, 115, 120, 126, 127, 132, 137, 144, 145, 146, 147, 153, 159, 164, 169, 172, 173, 174, 180, 188, 189, 190, 191, 192, 200, 201, 202, 203, 208, 209, 210, 215, 220, 225, 230, 231, 234, 235, 239, 240, 245, 250], "summary": {"covered_lines": 70, "num_statements": 70, "percent_covered": 100.0, "percent_covered_display": "100", "missing_lines": 0, "excluded_lines": 0, "percent_statements_covered": 100.0, "percent_statements_covered_display": "100"}, "missing_lines": [], "excluded_lines": [], "start_line": 1}}}, "src\\spark\\cli_handlers.py": {"executed_lines": [3, 4, 5, 6, 8, 9, 12, 271, 285, 355, 577, 616, 658, 708, 738, 899], "summary": {"covered_lines": 16, "num_statements": 622, "percent_covered": 2.572347266881029, "percent_covered_display": "3", "missing_lines": 606, "excluded_lines": 0, "percent_statements_covered": 2.572347266881029, "percent_statements_covered_display": "3"}, "missing_lines": [14, 15, 16, 17, 18, 19, 21, 22, 23, 24, 25, 26, 27, 28, 29, 30, 31, 32, 34, 35, 36, 37, 38, 40, 41, 42, 44, 45, 46, 47, 48, 49, 51, 52, 54, 55, 56, 57, 58, 60, 61, 66, 75, 76, 78, 79, 80, 81, 82, 83, 84, 85, 87, 88, 90, 91, 92, 93, 94, 95, 96, 97, 98, 99, 100, 102, 103, 104, 105, 107, 115, 116, 117, 119, 120, 121, 122, 124, 126, 127, 128, 130, 131, 132, 134, 135, 136, 137, 138, 139, 141, 142, 143, 145, 146, 148, 149, 151, 153, 154, 155, 157, 163, 164, 166, 167, 168, 169, 170, 171, 172, 173, 175, 176, 177, 178, 179, 180, 181, 183, 184, 192, 193, 195, 196, 197, 198, 200, 202, 203, 204, 205, 206, 207, 210, 211, 212, 213, 214, 216, 217, 219, 220, 221, 222, 223, 224, 225, 227, 228, 236, 238, 239, 240, 241, 243, 244, 246, 247, 248, 249, 250, 251, 252, 253, 254, 255, 256, 257, 258, 259, 261, 263, 264, 265, 267, 268, 273, 274, 275, 277, 278, 279, 281, 282, 287, 288, 289, 290, 292, 293, 294, 295, 296, 298, 299, 300, 301, 303, 304, 305, 312, 313, 314, 316, 318, 319, 320, 322, 323, 325, 326, 327, 328, 329, 330, 331, 332, 333, 335, 336, 337, 338, 339, 340, 342, 344, 345, 346, 347, 348, 350, 351, 352, 357, 358, 359, 360, 361, 362, 363, 364, 365, 366, 368, 369, 370, 371, 372, 374, 375, 376, 378, 379, 381, 382, 383, 384, 385, 386, 388, 389, 390, 396, 398, 399, 400, 402, 403, 404, 405, 406, 408, 409, 410, 411, 412, 414, 415, 424, 425, 426, 428, 429, 431, 432, 433, 434, 435, 436, 437, 438, 439, 440, 442, 443, 445, 446, 448, 449, 450, 451, 452, 453, 455, 456, 457, 458, 459, 461, 462, 463, 464, 465, 466, 467, 468, 469, 471, 480, 481, 482, 483, 484, 485, 488, 489, 491, 499, 501, 502, 503, 504, 505, 506, 514, 516, 517, 519, 520, 522, 523, 533, 534, 535, 537, 538, 540, 541, 542, 543, 545, 546, 547, 548, 549, 551, 552, 553, 554, 557, 558, 560, 561, 562, 563, 564, 565, 567, 569, 570, 571, 573, 574, 579, 581, 582, 583, 585, 587, 588, 589, 590, 591, 593, 594, 595, 596, 598, 599, 600, 601, 602, 604, 605, 606, 608, 609, 611, 612, 613, 618, 619, 621, 622, 623, 624, 625, 626, 628, 630, 631, 632, 633, 634, 635, 636, 638, 639, 640, 641, 642, 643, 644, 645, 646, 647, 648, 650, 651, 652, 654, 655, 660, 662, 663, 665, 666, 667, 669, 670, 672, 679, 686, 688, 696, 697, 698, 700, 701, 703, 704, 705, 710, 712, 713, 715, 716, 717, 718, 719, 720, 721, 722, 723, 724, 726, 727, 728, 729, 731, 733, 734, 735, 740, 741, 743, 745, 746, 747, 749, 750, 751, 752, 754, 755, 756, 757, 759, 760, 761, 762, 763, 764, 765, 766, 768, 770, 771, 772, 773, 774, 775, 776, 777, 778, 779, 780, 781, 783, 784, 785, 786, 788, 789, 790, 792, 794, 798, 799, 801, 802, 804, 806, 807, 808, 809, 811, 812, 813, 814, 815, 816, 817, 818, 819, 820, 821, 822, 823, 824, 825, 826, 827, 828, 836, 837, 839, 840, 841, 846, 847, 848, 849, 850, 851, 852, 854, 855, 857, 859, 860, 861, 862, 863, 864, 865, 866, 868, 869, 870, 871, 872, 873, 874, 876, 877, 878, 879, 887, 888, 889, 890, 891, 892, 893, 895, 896, 901, 903, 904, 906, 907, 908, 914, 915, 916, 917, 918, 920, 921, 923, 924, 925, 927, 928], "excluded_lines": [], "functions": {"handle_unified": {"executed_lines": [], "summary": {"covered_lines": 0, "num_statements": 177, "percent_covered": 0.0, "percent_covered_display": "0", "missing_lines": 177, "excluded_lines": 0, "percent_statements_covered": 0.0, "percent_statements_covered_display": "0"}, "missing_lines": [14, 15, 16, 17, 18, 19, 21, 22, 23, 24, 25, 26, 27, 28, 29, 30, 31, 32, 34, 35, 36, 37, 38, 40, 41, 42, 44, 45, 46, 47, 48, 49, 51, 52, 54, 55, 56, 57, 58, 60, 61, 66, 75, 76, 78, 79, 80, 81, 82, 83, 84, 85, 87, 88, 90, 91, 92, 93, 94, 95, 96, 97, 98, 99, 100, 102, 103, 104, 105, 107, 115, 116, 117, 119, 120, 121, 122, 124, 126, 127, 128, 130, 131, 132, 134, 135, 136, 137, 138, 139, 141, 142, 143, 145, 146, 148, 149, 151, 153, 154, 155, 157, 163, 164, 166, 167, 168, 169, 170, 171, 172, 173, 175, 176, 177, 178, 179, 180, 181, 183, 184, 192, 193, 195, 196, 197, 198, 200, 202, 203, 204, 205, 206, 207, 210, 211, 212, 213, 214, 216, 217, 219, 220, 221, 222, 223, 224, 225, 227, 228, 236, 238, 239, 240, 241, 243, 244, 246, 247, 248, 249, 250, 251, 252, 253, 254, 255, 256, 257, 258, 259, 261, 263, 264, 265, 267, 268], "excluded_lines": [], "start_line": 12}, "handle_analyze": {"executed_lines": [], "summary": {"covered_lines": 0, "num_statements": 8, "percent_covered": 0.0, "percent_covered_display": "0", "missing_lines": 8, "excluded_lines": 0, "percent_statements_covered": 0.0, "percent_statements_covered_display": "0"}, "missing_lines": [273, 274, 275, 277, 278, 279, 281, 282], "excluded_lines": [], "start_line": 271}, "handle_unified_analyze": {"executed_lines": [], "summary": {"covered_lines": 0, "num_statements": 49, "percent_covered": 0.0, "percent_covered_display": "0", "missing_lines": 49, "excluded_lines": 0, "percent_statements_covered": 0.0, "percent_statements_covered_display": "0"}, "missing_lines": [287, 288, 289, 290, 292, 293, 294, 295, 296, 298, 299, 300, 301, 303, 304, 305, 312, 313, 314, 316, 318, 319, 320, 322, 323, 325, 326, 327, 328, 329, 330, 331, 332, 333, 335, 336, 337, 338, 339, 340, 342, 344, 345, 346, 347, 348, 350, 351, 352], "excluded_lines": [], "start_line": 285}, "handle_dated_analyze": {"executed_lines": [], "summary": {"covered_lines": 0, "num_statements": 140, "percent_covered": 0.0, "percent_covered_display": "0", "missing_lines": 140, "excluded_lines": 0, "percent_statements_covered": 0.0, "percent_statements_covered_display": "0"}, "missing_lines": [357, 358, 359, 360, 361, 362, 363, 364, 365, 366, 368, 369, 370, 371, 372, 374, 375, 376, 378, 379, 381, 382, 383, 384, 385, 386, 388, 389, 390, 396, 398, 399, 400, 402, 403, 404, 405, 406, 408, 409, 410, 411, 412, 414, 415, 424, 425, 426, 428, 429, 431, 432, 433, 434, 435, 436, 437, 438, 439, 440, 442, 443, 445, 446, 448, 449, 450, 451, 452, 453, 455, 456, 457, 458, 459, 461, 462, 463, 464, 465, 466, 467, 468, 469, 471, 480, 481, 482, 483, 484, 485, 488, 489, 491, 499, 501, 502, 503, 504, 505, 506, 514, 516, 517, 519, 520, 522, 523, 533, 534, 535, 537, 538, 540, 541, 542, 543, 545, 546, 547, 548, 549, 551, 552, 553, 554, 557, 558, 560, 561, 562, 563, 564, 565, 567, 569, 570, 571, 573, 574], "excluded_lines": [], "start_line": 355}, "handle_generate": {"executed_lines": [], "summary": {"covered_lines": 0, "num_statements": 27, "percent_covered": 0.0, "percent_covered_display": "0", "missing_lines": 27, "excluded_lines": 0, "percent_statements_covered": 0.0, "percent_statements_covered_display": "0"}, "missing_lines": [579, 581, 582, 583, 585, 587, 588, 589, 590, 591, 593, 594, 595, 596, 598, 599, 600, 601, 602, 604, 605, 606, 608, 609, 611, 612, 613], "excluded_lines": [], "start_line": 577}, "handle_dashboard_generation": {"executed_lines": [], "summary": {"covered_lines": 0, "num_statements": 32, "percent_covered": 0.0, "percent_covered_display": "0", "missing_lines": 32, "excluded_lines": 0, "percent_statements_covered": 0.0, "percent_statements_covered_display": "0"}, "missing_lines": [618, 619, 621, 622, 623, 624, 625, 626, 628, 630, 631, 632, 633, 634, 635, 636, 638, 639, 640, 641, 642, 643, 644, 645, 646, 647, 648, 650, 651, 652, 654, 655], "excluded_lines": [], "start_line": 616}, "handle_preview": {"executed_lines": [], "summary": {"covered_lines": 0, "num_statements": 20, "percent_covered": 0.0, "percent_covered_display": "0", "missing_lines": 20, "excluded_lines": 0, "percent_statements_covered": 0.0, "percent_statements_covered_display": "0"}, "missing_lines": [660, 662, 663, 665, 666, 667, 669, 670, 672, 679, 686, 688, 696, 697, 698, 700, 701, 703, 704, 705], "excluded_lines": [], "start_line": 658}, "handle_config": {"executed_lines": [], "summary": {"covered_lines": 0, "num_statements": 21, "percent_covered": 0.0, "percent_covered_display": "0", "missing_lines": 21, "excluded_lines": 0, "percent_statements_covered": 0.0, "percent_statements_covered_display": "0"}, "missing_lines": [710, 712, 713, 715, 716, 717, 718, 719, 720, 721, 722, 723, 724, 726, 727, 728, 729, 731, 733, 734, 735], "excluded_lines": [], "start_line": 708}, "handle_cache": {"executed_lines": [], "summary": {"covered_lines": 0, "num_statements": 114, "percent_covered": 0.0, "percent_covered_display": "0", "missing_lines": 114, "excluded_lines": 0, "percent_statements_covered": 0.0, "percent_statements_covered_display": "0"}, "missing_lines": [740, 741, 743, 745, 746, 747, 749, 750, 751, 752, 754, 755, 756, 757, 759, 760, 761, 762, 763, 764, 765, 766, 768, 770, 771, 772, 773, 774, 775, 776, 777, 778, 779, 780, 781, 783, 784, 785, 786, 788, 789, 790, 792, 794, 798, 799, 801, 802, 804, 806, 807, 808, 809, 811, 812, 813, 814, 815, 816, 817, 818, 819, 820, 821, 822, 823, 824, 825, 826, 827, 828, 836, 837, 839, 840, 841, 846, 847, 848, 849, 850, 851, 852, 854, 855, 857, 859, 860, 861, 862, 863, 864, 865, 866, 868, 869, 870, 871, 872, 873, 874, 876, 877, 878, 879, 887, 888, 889, 890, 891, 892, 893, 895, 896], "excluded_lines": [], "start_line": 738}, "handle_refresh": {"executed_lines": [], "summary": {"covered_lines": 0, "num_statements": 18, "percent_covered": 0.0, "percent_covered_display": "0", "missing_lines": 18, "excluded_lines": 0, "percent_statements_covered": 0.0, "percent_statements_covered_display": "0"}, "missing_lines": [901, 903, 904, 906, 907, 908, 914, 915, 916, 917, 918, 920, 921, 923, 924, 925, 927, 928], "excluded_lines": [], "start_line": 899}, "": {"executed_lines": [3, 4, 5, 6, 8, 9, 12, 271, 285, 355, 577, 616, 658, 708, 738, 899], "summary": {"covered_lines": 16, "num_statements": 16, "percent_covered": 100.0, "percent_covered_display": "100", "missing_lines": 0, "excluded_lines": 0, "percent_statements_covered": 100.0, "percent_statements_covered_display": "100"}, "missing_lines": [], "excluded_lines": [], "start_line": 1}}, "classes": {"": {"executed_lines": [3, 4, 5, 6, 8, 9, 12, 271, 285, 355, 577, 616, 658, 708, 738, 899], "summary": {"covered_lines": 16, "num_statements": 622, "percent_covered": 2.572347266881029, "percent_covered_display": "3", "missing_lines": 606, "excluded_lines": 0, "percent_statements_covered": 2.572347266881029, "percent_statements_covered_display": "3"}, "missing_lines": [14, 15, 16, 17, 18, 19, 21, 22, 23, 24, 25, 26, 27, 28, 29, 30, 31, 32, 34, 35, 36, 37, 38, 40, 41, 42, 44, 45, 46, 47, 48, 49, 51, 52, 54, 55, 56, 57, 58, 60, 61, 66, 75, 76, 78, 79, 80, 81, 82, 83, 84, 85, 87, 88, 90, 91, 92, 93, 94, 95, 96, 97, 98, 99, 100, 102, 103, 104, 105, 107, 115, 116, 117, 119, 120, 121, 122, 124, 126, 127, 128, 130, 131, 132, 134, 135, 136, 137, 138, 139, 141, 142, 143, 145, 146, 148, 149, 151, 153, 154, 155, 157, 163, 164, 166, 167, 168, 169, 170, 171, 172, 173, 175, 176, 177, 178, 179, 180, 181, 183, 184, 192, 193, 195, 196, 197, 198, 200, 202, 203, 204, 205, 206, 207, 210, 211, 212, 213, 214, 216, 217, 219, 220, 221, 222, 223, 224, 225, 227, 228, 236, 238, 239, 240, 241, 243, 244, 246, 247, 248, 249, 250, 251, 252, 253, 254, 255, 256, 257, 258, 259, 261, 263, 264, 265, 267, 268, 273, 274, 275, 277, 278, 279, 281, 282, 287, 288, 289, 290, 292, 293, 294, 295, 296, 298, 299, 300, 301, 303, 304, 305, 312, 313, 314, 316, 318, 319, 320, 322, 323, 325, 326, 327, 328, 329, 330, 331, 332, 333, 335, 336, 337, 338, 339, 340, 342, 344, 345, 346, 347, 348, 350, 351, 352, 357, 358, 359, 360, 361, 362, 363, 364, 365, 366, 368, 369, 370, 371, 372, 374, 375, 376, 378, 379, 381, 382, 383, 384, 385, 386, 388, 389, 390, 396, 398, 399, 400, 402, 403, 404, 405, 406, 408, 409, 410, 411, 412, 414, 415, 424, 425, 426, 428, 429, 431, 432, 433, 434, 435, 436, 437, 438, 439, 440, 442, 443, 445, 446, 448, 449, 450, 451, 452, 453, 455, 456, 457, 458, 459, 461, 462, 463, 464, 465, 466, 467, 468, 469, 471, 480, 481, 482, 483, 484, 485, 488, 489, 491, 499, 501, 502, 503, 504, 505, 506, 514, 516, 517, 519, 520, 522, 523, 533, 534, 535, 537, 538, 540, 541, 542, 543, 545, 546, 547, 548, 549, 551, 552, 553, 554, 557, 558, 560, 561, 562, 563, 564, 565, 567, 569, 570, 571, 573, 574, 579, 581, 582, 583, 585, 587, 588, 589, 590, 591, 593, 594, 595, 596, 598, 599, 600, 601, 602, 604, 605, 606, 608, 609, 611, 612, 613, 618, 619, 621, 622, 623, 624, 625, 626, 628, 630, 631, 632, 633, 634, 635, 636, 638, 639, 640, 641, 642, 643, 644, 645, 646, 647, 648, 650, 651, 652, 654, 655, 660, 662, 663, 665, 666, 667, 669, 670, 672, 679, 686, 688, 696, 697, 698, 700, 701, 703, 704, 705, 710, 712, 713, 715, 716, 717, 718, 719, 720, 721, 722, 723, 724, 726, 727, 728, 729, 731, 733, 734, 735, 740, 741, 743, 745, 746, 747, 749, 750, 751, 752, 754, 755, 756, 757, 759, 760, 761, 762, 763, 764, 765, 766, 768, 770, 771, 772, 773, 774, 775, 776, 777, 778, 779, 780, 781, 783, 784, 785, 786, 788, 789, 790, 792, 794, 798, 799, 801, 802, 804, 806, 807, 808, 809, 811, 812, 813, 
[...]
 304, 305, 306, 309, 310, 311, 312, 313, 314, 315, 316, 319, 320, 321, 322, 323, 324, 327, 328, 329, 330, 331, 332, 334, 335, 338, 339, 340, 342], "excluded_lines": [], "start_line": 282}, "": {"executed_lines": [], "summary": {"covered_lines": 0, "num_statements": 16, "percent_covered": 0.0, "percent_covered_display": "0", "missing_lines": 16, "excluded_lines": 0, "percent_statements_covered": 0.0, "percent_statements_covered_display": "0"}, "missing_lines": [3, 4, 6, 7, 8, 9, 12, 23, 40, 79, 99, 123, 161, 184, 200, 282], "excluded_lines": [], "start_line": 1}}, "classes": {"UnifiedReportGenerator": {"executed_lines": [], "summary": {"covered_lines": 0, "num_statements": 136, "percent_covered": 0.0, "percent_covered_display": "0", "missing_lines": 136, "excluded_lines": 0, "percent_statements_covered": 0.0, "percent_statements_covered_display": "0"}, "missing_lines": [29, 30, 31, 32, 33, 34, 35, 38, 51, 54, 55, 56, 59, 62, 63, 64, 69, 70, 72, 73, 75, 91, 92, 93, 94, 95, 97, 105, 108, 110, 121, 129, 132, 139, 141, 145, 146, 147, 149, 150, 151, 152, 153, 155, 156, 158, 159, 172, 180, 182, 190, 191, 193, 194, 195, 196, 198, 209, 212, 215, 216, 217, 219, 220, 221, 223, 227, 230, 231, 232, 234, 235, 236, 238, 242, 245, 247, 248, 250, 251, 254, 255, 256, 259, 260, 261, 262, 263, 265, 266, 270, 273, 274, 276, 277, 278, 280, 288, 291, 292, 293, 295, 296, 298, 299, 301, 302, 304, 305, 306, 309, 310, 311, 312, 313, 314, 315, 316, 319, 320, 321, 322, 323, 324, 327, 328, 329, 330, 331, 332, 334, 335, 338, 339, 340, 342], "excluded_lines": [], "start_line": 12}, "": {"executed_lines": [], "summary": {"covered_lines": 0, "num_statements": 16, "percent_covered": 0.0, "percent_covered_display": "0", "missing_lines": 16, "excluded_lines": 0, "percent_statements_covered": 0.0, "percent_statements_covered_display": "0"}, "missing_lines": [3, 4, 6, 7, 8, 9, 12, 23, 40, 79, 99, 123, 161, 184, 200, 282], "excluded_lines": [], "start_line": 1}}}, "src\\spark\\unified_report_workflow.py": {"executed_lines": [3, 4, 5, 6, 8, 9, 11, 12, 13, 14, 15, 16, 17, 18, 19, 20, 21, 29, 30, 31, 34, 47, 63, 64, 65, 66, 67, 68, 71, 72, 73, 74, 75, 76, 79, 80, 81, 82, 85, 86, 89, 96, 98, 100, 102, 104, 106, 107, 108, 109, 110, 112, 186, 191, 203, 204, 206, 207, 209, 210, 218, 219, 222, 223, 224, 225, 226, 227, 240, 241, 242, 245, 250, 251, 252, 253, 254, 260, 276, 277, 278, 283, 284, 288, 305, 307, 310, 311, 312, 313, 315, 316, 317, 319, 320, 322, 324, 327, 329, 332, 341, 443, 496, 627], "summary": {"covered_lines": 104, "num_statements": 257, "percent_covered": 40.46692607003891, "percent_covered_display": "40", "missing_lines": 153, "excluded_lines": 0, "percent_statements_covered": 40.46692607003891, "percent_statements_covered_display": "40"}, "missing_lines": [87, 124, 125, 128, 129, 130, 131, 132, 139, 140, 141, 142, 143, 144, 148, 149, 150, 153, 154, 155, 159, 166, 167, 168, 169, 173, 174, 175, 176, 177, 179, 184, 211, 212, 216, 228, 229, 233, 246, 247, 261, 262, 270, 279, 280, 281, 298, 299, 308, 323, 325, 328, 330, 333, 353, 354, 357, 358, 361, 362, 363, 364, 365, 366, 367, 368, 369, 370, 371, 374, 376, 377, 378, 381, 387, 388, 390, 396, 397, 400, 406, 407, 409, 410, 413, 415, 416, 417, 418, 420, 421, 424, 425, 427, 428, 430, 431, 433, 434, 435, 438, 441, 460, 461, 468, 469, 473, 474, 478, 479, 483, 484, 488, 489, 494, 512, 515, 518, 519, 523, 524, 525, 528, 536, 544, 545, 546, 549, 550, 552, 559, 561, 564, 568, 569, 574, 580, 581, 595, 607, 615, 617, 618, 619, 622, 625, 645, 647, 661, 662, 663, 666, 668], "excluded_lines": [], "functions": {"UnifiedReportWorkflow.__init__": {"executed_lines": [63, 64, 65, 66, 67, 68, 71, 72, 73, 74, 75, 76, 79, 80, 81, 82, 85, 86, 89], "summary": {"covered_lines": 19, "num_statements": 20, "percent_covered": 95.0, "percent_covered_display": "95", "missing_lines": 1, "excluded_lines": 0, "percent_statements_covered": 95.0, "percent_statements_covered_display": "95"}, "missing_lines": [87], "excluded_lines": [], "start_line": 47}, "UnifiedReportWorkflow._resolve_theme": {"executed_lines": [98], "summary": {"covered_lines": 1, "num_statements": 1, "percent_covered": 100.0, "percent_covered_display": "100", "missing_lines": 0, "excluded_lines": 0, "percent_statements_covered": 100.0, "percent_statements_covered_display": "100"}, "missing_lines": [], "excluded_lines": [], "start_line": 96}, "UnifiedReportWorkflow._create_visualizer": {"executed_lines": [102], "summary": {"covered_lines": 1, "num_statements": 1, "percent_covered": 100.0, "percent_covered_display": "100", "missing_lines": 0, "excluded_lines": 0, "percent_statements_covered": 100.0, "percent_statements_covered_display": "100"}, "missing_lines": [], "excluded_lines": [], "start_line": 100}, "UnifiedReportWorkflow._create_analysis_components": {"executed_lines": [106, 107, 108, 109, 110], "summary": {"covered_lines": 5, "num_statements": 5, "percent_covered": 100.0, "percent_covered_display": "100", "missing_lines": 0, "excluded_lines": 0, "percent_statements_covered": 100.0, "percent_statements_covered_display": "100"}, "missing_lines": [], "excluded_lines": [], "start_line": 104}, "UnifiedReportWorkflow.execute": {"executed_lines": [], "summary": {"covered_lines": 0, "num_statements": 31, "percent_covered": 0.0, "percent_covered_display": "0", "missing_lines": 31, "excluded_lines": 0, "percent_statements_covered": 0.0, "percent_statements_covered_display": "0"}, "missing_lines": [124, 125, 128, 129, 130, 131, 132, 139, 140, 141, 142, 143, 144, 148, 149, 150, 153, 154, 155, 159, 166, 167, 168, 169, 173, 174, 175, 176, 177, 179, 184], "excluded_lines": [], "start_line": 112}, "UnifiedReportWorkflow._fetch_github_data": {"executed_lines": [203, 204, 206, 207, 209, 210, 218, 219, 222, 223, 224, 225, 226, 227, 240, 241, 242, 245, 250, 251, 252, 253, 254, 260, 276, 277, 278, 283, 284, 288], "summary": {"covered_lines": 30, "num_statements": 46, "percent_covered": 65.21739130434783, "percent_covered_display": "65", "missing_lines": 16, "excluded_lines": 0, "percent_statements_covered": 65.21739130434783, "percent_statements_covered_display": "65"}, "missing_lines": [211, 212, 216, 228, 229, 233, 246, 247, 261, 262, 270, 279, 280, 281, 298, 299], "excluded_lines": [], "start_line": 191}, "UnifiedReportWorkflow._log_enrichment_availability": {"executed_lines": [307, 310, 311, 312, 313, 315, 316, 317, 319, 320, 322, 324, 327, 329, 332], "summary": {"covered_lines": 15, "num_statements": 21, "percent_covered": 71.42857142857143, "percent_covered_display": "71", "missing_lines": 6, "excluded_lines": 0, "percent_statements_covered": 71.42857142857143, "percent_statements_covered_display": "71"}, "missing_lines": [308, 323, 325, 328, 330, 333], "excluded_lines": [], "start_line": 305}, "UnifiedReportWorkflow._generate_svgs": {"executed_lines": [], "summary": {"covered_lines": 0, "num_statements": 48, "percent_covered": 0.0, "percent_covered_display": "0", "missing_lines": 48, "excluded_lines": 0, "percent_statements_covered": 0.0, "percent_statements_covered_display": "0"}, "missing_lines": [353, 354, 357, 358, 361, 362, 363, 364, 365, 366, 367, 368, 369, 370, 371, 374, 376, 377, 378, 381, 387, 388, 390, 396, 397, 400, 406, 407, 409, 410, 413, 415, 416, 417, 418, 420, 421, 424, 425, 427, 428, 430, 431, 433, 434, 435, 438, 441], "excluded_lines": [], "start_line": 341}, "UnifiedReportWorkflow._generate_single_svg": {"executed_lines": [], "summary": {"covered_lines": 0, "num_statements": 13, "percent_covered": 0.0, "percent_covered_display": "0", "missing_lines": 13, "excluded_lines": 0, "percent_statements_covered": 0.0, "percent_statements_covered_display": "0"}, "missing_lines": [460, 461, 468, 469, 473, 474, 478, 479, 483, 484, 488, 489, 494], "excluded_lines": [], "start_line": 443}, "UnifiedReportWorkflow._analyze_repositories": {"executed_lines": [], "summary": {"covered_lines": 0, "num_statements": 31, "percent_covered": 0.0, "percent_covered_display": "0", "missing_lines": 31, "excluded_lines": 0, "percent_statements_covered": 0.0, "percent_statements_covered_display": "0"}, "missing_lines": [512, 515, 518, 519, 523, 524, 525, 528, 536, 544, 545, 546, 549, 550, 552, 559, 561, 564, 568, 569, 574, 580, 581, 595, 607, 615, 617, 618, 619, 622, 625], "excluded_lines": [], "start_line": 496}, "UnifiedReportWorkflow._generate_unified_report": {"executed_lines": [], "summary": {"covered_lines": 0, "num_statements": 7, "percent_covered": 0.0, "percent_covered_display": "0", "missing_lines": 7, "excluded_lines": 0, "percent_statements_covered": 0.0, "percent_statements_covered_display": "0"}, "missing_lines": [645, 647, 661, 662, 663, 666, 668], "excluded_lines": [], "start_line": 627}, "": {"executed_lines": [3, 4, 5, 6, 8, 9, 11, 12, 13, 14, 15, 16, 17, 18, 19, 20, 21, 29, 30, 31, 34, 47, 96, 100, 104, 112, 186, 191, 305, 341, 443, 496, 627], "summary": {"covered_lines": 33, "num_statements": 33, "percent_covered": 100.0, "percent_covered_display": "100", "missing_lines": 0, "excluded_lines": 0, "percent_statements_covered": 100.0, "percent_statements_covered_display": "100"}, "missing_lines": [], "excluded_lines": [], "start_line": 1}}, "classes": {"UnifiedReportWorkflow": {"executed_lines": [63, 64, 65, 66, 67, 68, 71, 72, 73, 74, 75, 76, 79, 80, 81, 82, 85, 86, 89, 98, 102, 106, 107, 108, 109, 110, 203, 204, 206, 207, 209, 210, 218, 219, 222, 223, 224, 225, 226, 227, 240, 241, 242, 245, 250, 251, 252, 253, 254, 260, 276, 277, 278, 283, 284, 288, 307, 310, 311, 312, 313, 315, 316, 317, 319, 320, 322, 324, 327, 329, 332], "summary": {"covered_lines": 71, "num_statements": 224, "percent_covered": 31.696428571428573, "percent_covered_display": "32", "missing_lines": 153, "excluded_lines": 0, "percent_statements_covered": 31.696428571428573, "percent_statements_covered_display": "32"}, "missing_lines": [87, 124, 125, 128, 129, 130, 131, 132, 139, 140, 141, 142, 143, 144, 148, 149, 150, 153, 154, 155, 159, 166, 167, 168, 169, 173, 174, 175, 176, 177, 179, 184, 211, 212, 216, 228, 229, 233, 246, 247, 261, 262, 270, 279, 280, 281, 298, 299, 308, 323, 325, 328, 330, 333, 353, 354, 357, 358, 361, 362, 363, 364, 365, 366, 367, 368, 369, 370, 371, 374, 376, 377, 378, 381, 387, 388, 390, 396, 397, 400, 406, 407, 409, 410, 413, 415, 416, 417, 418, 420, 421, 424, 425, 427, 428, 430, 431, 433, 434, 435, 438, 441, 460, 461, 468, 469, 473, 474, 478, 479, 483, 484, 488, 489, 494, 512, 515, 518, 519, 523, 524, 525, 528, 536, 544, 545, 546, 549, 550, 552, 559, 561, 564, 568, 569, 574, 580, 581, 595, 607, 615, 617, 618, 619, 622, 625, 645, 647, 661, 662, 663, 666, 668], "excluded_lines": [], "start_line": 34}, "": {"executed_lines": [3, 4, 5, 6, 8, 9, 11, 12, 13, 14, 15, 16, 17, 18, 19, 20, 21, 29, 30, 31, 34, 47, 96, 100, 104, 112, 186, 191, 305, 341, 443, 496, 627], "summary": {"covered_lines": 33, "num_statements": 33, "percent_covered": 100.0, "percent_covered_display": "100", "missing_lines": 0, "excluded_lines": 0, "percent_statements_covered": 100.0, "percent_statements_covered_display": "100"}, "missing_lines": [], "excluded_lines": [], "start_line": 1}}}, "src\\spark\\visualizer.py": {"executed_lines": [3, 4, 5, 6, 8, 9, 10, 11, 14, 17, 24, 25, 27, 47, 48, 50, 51, 54, 55, 66, 67, 68, 71, 72, 73, 79, 88, 99, 100, 110, 111, 113, 120, 121, 122, 129, 139, 140, 142, 151, 152, 153, 154, 157, 158, 160, 166, 174, 183, 184, 191, 201, 211, 213, 227, 230, 231, 232, 233, 234, 236, 237, 239, 240, 243, 254, 255, 256, 257, 258, 268, 271, 272, 275, 276, 277, 280, 281, 283, 284, 286, 289, 290, 292, 295, 296, 297, 300, 303, 304, 305, 308, 309, 310, 312, 321, 322, 323, 331, 332, 333, 334, 342, 351, 361, 363, 377, 378, 380, 381, 384, 395, 396, 397, 398, 400, 401, 402, 403, 406, 407, 415, 424, 433, 443, 445, 451, 452, 454, 455, 458, 468, 469, 478, 479, 480, 488, 490, 491, 492, 493, 495, 500, 501, 502, 504, 512, 521, 522, 530, 532, 533, 534, 535, 536, 537, 539, 547, 548, 550, 551, 552, 553, 554, 555, 556, 558, 567, 568, 569, 570, 572, 573, 579, 580, 582, 590, 599, 600, 608, 618, 620, 634, 635, 637, 638, 641, 652, 653, 654, 655, 656, 657, 658, 659, 662, 665, 666, 673, 675, 677, 680, 683, 685, 687, 688, 693, 695, 697, 700, 703, 705, 707, 710, 713, 714, 716, 718, 719, 724, 726, 728, 730, 733, 736, 743, 747, 750, 751, 752, 753, 755, 756, 758, 759, 762, 763, 766, 775, 782, 783, 784, 786, 798, 808, 810, 824, 825, 827, 828, 831, 842, 849, 859, 866, 876, 886, 889, 899, 901, 902, 904, 907, 908, 909, 910, 913], "summary": {"covered_lines": 267, "num_statements": 292, "percent_covered": 91.43835616438356, "percent_covered_display": "91", "missing_lines": 25, "excluded_lines": 0, "percent_statements_covered": 91.43835616438356, "percent_statements_covered_display": "91"}, "missing_lines": [667, 668, 670, 674, 676, 678, 684, 686, 690, 694, 696, 698, 704, 706, 708, 715, 717, 721, 725, 727, 729, 731, 744, 900, 905], "excluded_lines": [], "functions": {"StatisticsVisualizer.__init__": {"executed_lines": [24, 25], "summary": {"covered_lines": 2, "num_statements": 2, "percent_covered": 100.0, "percent_covered_display": "100", "missing_lines": 0, "excluded_lines": 0, "percent_statements_covered": 100.0, "percent_statements_covered_display": "100"}, "missing_lines": [], "excluded_lines": [], "start_line": 17}, "StatisticsVisualizer.generate_overview": {"executed_lines": [47, 48, 50, 51, 54, 55, 66, 67, 68, 71, 72, 73, 79, 88, 99, 100, 110, 111, 113, 120, 121, 122, 129, 139, 140, 142, 151, 152, 153, 154, 157, 158, 160, 166, 174, 183, 184, 191, 201, 211], "summary": {"covered_lines": 40, "num_statements": 40, "percent_covered": 100.0, "percent_covered_display": "100", "missing_lines": 0, "excluded_lines": 0, "percent_statements_covered": 100.0, "percent_statements_covered_display": "100"}, "missing_lines": [], "excluded_lines": [], "start_line": 27}, "StatisticsVisualizer.generate_heatmap": {"executed_lines": [227, 230, 231, 232, 233, 234, 236, 237, 239, 240, 243, 254, 255, 256, 257, 258, 268, 271, 272, 275, 276, 277, 280, 281, 283, 284, 286, 289, 290, 292, 295, 296, 297, 300, 303, 304, 305, 308, 309, 310, 312, 321, 322, 323, 331, 332, 333, 334, 342, 351, 361], "summary": {"covered_lines": 51, "num_statements": 51, "percent_covered": 100.0, "percent_covered_display": "100", "missing_lines": 0, "excluded_lines": 0, "percent_statements_covered": 100.0, "percent_statements_covered_display": "100"}, "missing_lines": [], "excluded_lines": [], "start_line": 213}, "StatisticsVisualizer.generate_languages": {"executed_lines": [377, 378, 380, 381, 384, 395, 396, 397, 398, 400, 401, 402, 403, 406, 407, 415, 424, 433, 443], "summary": {"covered_lines": 19, "num_statements": 19, "percent_covered": 100.0, "percent_covered_display": "100", "missing_lines": 0, "excluded_lines": 0, "percent_statements_covered": 100.0, "percent_statements_covered_display": "100"}, "missing_lines": [], "excluded_lines": [], "start_line": 363}, "StatisticsVisualizer.generate_release_cadence": {"executed_lines": [451, 452, 454, 455, 458, 468, 469, 478, 479, 480, 488, 490, 491, 492, 493, 495, 500, 501, 502, 504, 512, 521, 522, 530, 532, 533, 534, 535, 536, 537, 539, 547, 548, 550, 551, 552, 553, 554, 555, 556, 558, 567, 568, 569, 570, 572, 573, 579, 580, 582, 590, 599, 600, 608, 618], "summary": {"covered_lines": 55, "num_statements": 55, "percent_covered": 100.0, "percent_covered_display": "100", "missing_lines": 0, "excluded_lines": 0, "percent_statements_covered": 100.0, "percent_statements_covered_display": "100"}, "missing_lines": [], "excluded_lines": [], "start_line": 445}, "StatisticsVisualizer.generate_fun_stats": {"executed_lines": [634, 635, 637, 638, 641, 652, 653, 654, 655, 656, 657, 658, 659, 662, 665, 666, 673, 675, 677, 680, 683, 685, 687, 688, 693, 695, 697, 700, 703, 705, 707, 710, 713, 714, 716, 718, 719, 724, 726, 728, 730, 733, 736, 743, 747, 750, 751, 752, 753, 755, 756, 758, 759, 762, 763, 766, 775, 782, 783, 784, 786, 798, 808], "summary": {"covered_lines": 63, "num_statements": 86, "percent_covered": 73.25581395348837, "percent_covered_display": "73", "missing_lines": 23, "excluded_lines": 0, "percent_statements_covered": 73.25581395348837, "percent_statements_covered_display": "73"}, "missing_lines": [667, 668, 670, 674, 676, 678, 684, 686, 690, 694, 696, 698, 704, 706, 708, 715, 717, 721, 725, 727, 729, 731, 744], "excluded_lines": [], "start_line": 620}, "StatisticsVisualizer.generate_streaks": {"executed_lines": [824, 825, 827, 828, 831, 842, 849, 859, 866, 876, 886], "summary": {"covered_lines": 11, "num_statements": 11, "percent_covered": 100.0, "percent_covered_display": "100", "missing_lines": 0, "excluded_lines": 0, "percent_statements_covered": 100.0, "percent_statements_covered_display": "100"}, "missing_lines": [], "excluded_lines": [], "start_line": 810}, "get_theme": {"executed_lines": [899, 901, 902, 904, 907, 908, 909, 910, 913], "summary": {"covered_lines": 9, "num_statements": 11, "percent_covered": 81.81818181818181, "percent_covered_display": "82", "missing_lines": 2, "excluded_lines": 0, "percent_statements_covered": 81.81818181818181, "percent_statements_covered_display": "82"}, "missing_lines": [900, 905], "excluded_lines": [], "start_line": 889}, "": {"executed_lines": [3, 4, 5, 6, 8, 9, 10, 11, 14, 17, 27, 213, 363, 445, 620, 810, 889], "summary": {"covered_lines": 17, "num_statements": 17, "percent_covered": 100.0, "percent_covered_display": "100", "missing_lines": 0, "excluded_lines": 0, "percent_statements_covered": 100.0, "percent_statements_covered_display": "100"}, "missing_lines": [], "excluded_lines": [], "start_line": 1}}, "classes": {"StatisticsVisualizer": {"executed_lines": [24, 25, 47, 48, 50, 51, 54, 55, 66, 67, 68, 71, 72, 73, 79, 88, 99, 100, 110, 111, 113, 120, 121, 122, 129, 139, 140, 142, 151, 152, 153, 154, 157, 158, 160, 166, 174, 183, 184, 191, 201, 211, 227, 230, 231, 232, 233, 234, 236, 237, 239, 240, 243, 254, 255, 256, 257, 258, 268, 271, 272, 275, 276, 277, 280, 281, 283, 284, 286, 289, 290, 292, 295, 296, 297, 300, 303, 304, 305, 308, 309, 310, 312, 321, 322, 323, 331, 332, 333, 334, 342, 351, 361, 377, 378, 380, 381, 384, 395, 396, 397, 398, 400, 401, 402, 403, 406, 407, 415, 424, 433, 443, 451, 452, 454, 455, 458, 468, 469, 478, 479, 480, 488, 490, 491, 492, 493, 495, 500, 501, 502, 504, 512, 521, 522, 530, 532, 533, 534, 535, 536, 537, 539, 547, 548, 550, 551, 552, 553, 554, 555, 556, 558, 567, 568, 569, 570, 572, 573, 579, 580, 582, 590, 599, 600, 608, 618, 634, 635, 637, 638, 641, 652, 653, 654, 655, 656, 657, 658, 659, 662, 665, 666, 673, 675, 677, 680, 683, 685, 687, 688, 693, 695, 697, 700, 703, 705, 707, 710, 713, 714, 716, 718, 719, 724, 726, 728, 730, 733, 736, 743, 747, 750, 751, 752, 753, 755, 756, 758, 759, 762, 763, 766, 775, 782, 783, 784, 786, 798, 808, 824, 825, 827, 828, 831, 842, 849, 859, 866, 876, 886], "summary": {"covered_lines": 241, "num_statements": 264, "percent_covered": 91.28787878787878, "percent_covered_display": "91", "missing_lines": 23, "excluded_lines": 0, "percent_statements_covered": 91.28787878787878, "percent_statements_covered_display": "91"}, "missing_lines": [667, 668, 670, 674, 676, 678, 684, 686, 690, 694, 696, 698, 704, 706, 708, 715, 717, 721, 725, 727, 729, 731, 744], "excluded_lines": [], "start_line": 14}, "": {"executed_lines": [3, 4, 5, 6, 8, 9, 10, 11, 14, 17, 27, 213, 363, 445, 620, 810, 889, 899, 901, 902, 904, 907, 908, 909, 910, 913], "summary": {"covered_lines": 26, "num_statements": 28, "percent_covered": 92.85714285714286, "percent_covered_display": "93", "missing_lines": 2, "excluded_lines": 0, "percent_statements_covered": 92.85714285714286, "percent_statements_covered_display": "93"}, "missing_lines": [900, 905], "excluded_lines": [], "start_line": 1}}}}, "totals": {"covered_lines": 3130, "num_statements": 5522, "percent_covered": 56.68236146323796, "percent_covered_display": "57", "missing_lines": 2392, "excluded_lines": 0, "percent_statements_covered": 56.68236146323796, "percent_statements_covered_display": "57"}}